<testsuites id="" name="" tests="255" failures="163" skipped="0" errors="0" time="228.213961">
<testsuite name="api.spec.ts" timestamp="2025-06-26T11:20:45.812Z" hostname="chromium" tests="10" failures="10" skipped="0" time="13.5" errors="0">
<testcase name="Biome.js API Integration › should successfully make API requests" classname="api.spec.ts" time="0.89">
<failure message="api.spec.ts:4:3 should successfully make API requests" type="FAILURE">
<![CDATA[  [chromium] › api.spec.ts:4:3 › Biome.js API Integration › should successfully make API requests ──

    Error: expect(received).toBeTruthy()

    Received: false

      4 |   test('should successfully make API requests', async ({ request }) => {
      5 |     const response = await request.get('https://biomejs.dev/api/health');
    > 6 |     expect(response.ok()).toBeTruthy();
        |                           ^
      7 |     expect(response.status()).toBe(200);
      8 |   });
      9 |
        at /home/flob/work/biome-high-cpu/biome-high-cpu-6541/tests/api.spec.ts:6:27
]]>
</failure>
</testcase>
<testcase name="Biome.js API Integration › should handle API documentation page" classname="api.spec.ts" time="6.287">
<failure message="api.spec.ts:10:3 should handle API documentation page" type="FAILURE">
<![CDATA[  [chromium] › api.spec.ts:10:3 › Biome.js API Integration › should handle API documentation page ──

    Error: Timed out 5000ms waiting for expect(page).toHaveTitle(expected)

    Locator: locator(':root')
    Expected pattern: /API/
    Received string:  "404 | Biome"
    Call log:
      - Expect "toHaveTitle" with timeout 5000ms
      - waiting for locator(':root')
        9 × locator resolved to <html lang="en" dir="ltr" data-has-hero="" data-theme="light" class="astro-zhibqghj">…</html>
          - unexpected value "404 | Biome"


      10 |   test('should handle API documentation page', async ({ page }) => {
      11 |     await page.goto('https://biomejs.dev/api');
    > 12 |     await expect(page).toHaveTitle(/API/);
         |                        ^
      13 |
      14 |     // Check for API documentation sections
      15 |     const apiSections = page.locator('.api-section');
        at /home/flob/work/biome-high-cpu/biome-high-cpu-6541/tests/api.spec.ts:12:24

    Error Context: ../test-results/api-Biome-js-API-Integrati-8e3ed-ndle-API-documentation-page-chromium/error-context.md
]]>
</failure>
<system-out>
<![CDATA[
[[ATTACHMENT|../test-results/api-Biome-js-API-Integrati-8e3ed-ndle-API-documentation-page-chromium/error-context.md]]
]]>
</system-out>
</testcase>
<testcase name="Biome.js API Integration › should handle API errors gracefully" classname="api.spec.ts" time="0.614">
<failure message="api.spec.ts:23:3 should handle API errors gracefully" type="FAILURE">
<![CDATA[  [chromium] › api.spec.ts:23:3 › Biome.js API Integration › should handle API errors gracefully ───

    SyntaxError: Unexpected token '<', "<!DOCTYPE "... is not valid JSON

      25 |     expect(response.status()).toBe(404);
      26 |
    > 27 |     const errorData = await response.json();
         |                       ^
      28 |     expect(errorData).toHaveProperty('error');
      29 |   });
      30 |
        at /home/flob/work/biome-high-cpu/biome-high-cpu-6541/tests/api.spec.ts:27:23
]]>
</failure>
</testcase>
<testcase name="Biome.js API Integration › should validate API response schema" classname="api.spec.ts" time="1.027">
<failure message="api.spec.ts:31:3 should validate API response schema" type="FAILURE">
<![CDATA[  [chromium] › api.spec.ts:31:3 › Biome.js API Integration › should validate API response schema ───

    Error: expect(received).toBeTruthy()

    Received: false

      31 |   test('should validate API response schema', async ({ request }) => {
      32 |     const response = await request.get('https://biomejs.dev/api/version');
    > 33 |     expect(response.ok()).toBeTruthy();
         |                           ^
      34 |
      35 |     const data = await response.json();
      36 |     expect(data).toHaveProperty('version');
        at /home/flob/work/biome-high-cpu/biome-high-cpu-6541/tests/api.spec.ts:33:27
]]>
</failure>
</testcase>
<testcase name="Biome.js API Integration › should handle rate limiting" classname="api.spec.ts" time="0.967">
<failure message="api.spec.ts:40:3 should handle rate limiting" type="FAILURE">
<![CDATA[  [chromium] › api.spec.ts:40:3 › Biome.js API Integration › should handle rate limiting ───────────

    Error: expect(received).toBeDefined()

    Received: undefined

      46 |     // Check if rate limiting headers are present
      47 |     const lastResponse = responses[responses.length - 1];
    > 48 |     expect(lastResponse.headers()['x-ratelimit-remaining']).toBeDefined();
         |                                                             ^
      49 |   });
      50 |
      51 |   test('should handle large payloads', async ({ request }) => {
        at /home/flob/work/biome-high-cpu/biome-high-cpu-6541/tests/api.spec.ts:48:61
]]>
</failure>
</testcase>
<testcase name="Biome.js API Integration › should handle large payloads" classname="api.spec.ts" time="0.791">
<failure message="api.spec.ts:51:3 should handle large payloads" type="FAILURE">
<![CDATA[  [chromium] › api.spec.ts:51:3 › Biome.js API Integration › should handle large payloads ──────────

    Error: expect(received).toBeTruthy()

    Received: false

      59 |     });
      60 |
    > 61 |     expect(response.ok()).toBeTruthy();
         |                           ^
      62 |     const result = await response.json();
      63 |     expect(result).toHaveProperty('formatted');
      64 |   });
        at /home/flob/work/biome-high-cpu/biome-high-cpu-6541/tests/api.spec.ts:61:27
]]>
</failure>
</testcase>
<testcase name="Biome.js API Integration › should handle concurrent requests" classname="api.spec.ts" time="0.885">
<failure message="api.spec.ts:66:3 should handle concurrent requests" type="FAILURE">
<![CDATA[  [chromium] › api.spec.ts:66:3 › Biome.js API Integration › should handle concurrent requests ─────

    Error: expect(received).toBeTruthy()

    Received: false

      71 |     const responses = await Promise.all(requests);
      72 |     responses.forEach((response) => {
    > 73 |       expect(response.ok()).toBeTruthy();
         |                             ^
      74 |     });
      75 |   });
      76 |
        at forEach (/home/flob/work/biome-high-cpu/biome-high-cpu-6541/tests/api.spec.ts:73:29)
        at /home/flob/work/biome-high-cpu/biome-high-cpu-6541/tests/api.spec.ts:72:15
]]>
</failure>
</testcase>
<testcase name="Biome.js API Integration › should maintain session state" classname="api.spec.ts" time="0.773">
<failure message="api.spec.ts:77:3 should maintain session state" type="FAILURE">
<![CDATA[  [chromium] › api.spec.ts:77:3 › Biome.js API Integration › should maintain session state ─────────

    Error: expect(received).toBeTruthy()

    Received: false

      85 |       },
      86 |     });
    > 87 |     expect(response1.ok()).toBeTruthy();
         |                            ^
      88 |
      89 |     // Second request to verify session
      90 |     const response2 = await request.get('https://biomejs.dev/api/session');
        at /home/flob/work/biome-high-cpu/biome-high-cpu-6541/tests/api.spec.ts:87:28
]]>
</failure>
</testcase>
<testcase name="Biome.js API Integration › should validate request parameters" classname="api.spec.ts" time="0.756">
<failure message="api.spec.ts:98:3 should validate request parameters" type="FAILURE">
<![CDATA[  [chromium] › api.spec.ts:98:3 › Biome.js API Integration › should validate request parameters ────

    Error: expect(received).toBe(expected) // Object.is equality

    Expected: 400
    Received: 404

      104 |     });
      105 |
    > 106 |     expect(response.status()).toBe(400);
          |                               ^
      107 |     const error = await response.json();
      108 |     expect(error).toHaveProperty('error');
      109 |     expect(error.error).toMatch(/invalid syntax/i);
        at /home/flob/work/biome-high-cpu/biome-high-cpu-6541/tests/api.spec.ts:106:31
]]>
</failure>
</testcase>
<testcase name="Biome.js API Integration › should handle CORS headers" classname="api.spec.ts" time="0.51">
<failure message="api.spec.ts:112:3 should handle CORS headers" type="FAILURE">
<![CDATA[  [chromium] › api.spec.ts:112:3 › Biome.js API Integration › should handle CORS headers ───────────

    Error: expect(received).toBeDefined()

    Received: undefined

      117 |     });
      118 |
    > 119 |     expect(response.headers()['access-control-allow-origin']).toBeDefined();
          |                                                               ^
      120 |   });
      121 | });
      122 |
        at /home/flob/work/biome-high-cpu/biome-high-cpu-6541/tests/api.spec.ts:119:63
]]>
</failure>
</testcase>
</testsuite>
<testsuite name="blog.spec.ts" timestamp="2025-06-26T11:20:45.812Z" hostname="chromium" tests="12" failures="3" skipped="0" time="23.008" errors="0">
<testcase name="Biome.js Blog › should display blog index page" classname="blog.spec.ts" time="1.439">
</testcase>
<testcase name="Biome.js Blog › should list blog posts" classname="blog.spec.ts" time="1.226">
</testcase>
<testcase name="Biome.js Blog › should show post metadata" classname="blog.spec.ts" time="1.785">
<failure message="blog.spec.ts:19:3 should show post metadata" type="FAILURE">
<![CDATA[  [chromium] › blog.spec.ts:19:3 › Biome.js Blog › should show post metadata ───────────────────────

    Error: expect.toBeVisible: Error: strict mode violation: locator('article').first().locator('.author') resolved to 2 elements:
        1) <a class="author astro-5wbzqmrs" href="https://bsky.app/profile/ematipico.xyz">…</a> aka getByRole('link', { name: 'Emanuele Stoppa Emanuele' })
        2) <div class="author astro-5wbzqmrs">…</div> aka locator('.authors > div').first()

    Call log:
      - Expect "toBeVisible" with timeout 5000ms
      - waiting for locator('article').first().locator('.author')


      24 |
      25 |     // Check author
    > 26 |     await expect(firstPost.locator('.author')).toBeVisible();
         |                                                ^
      27 |
      28 |     // Check title
      29 |     await expect(firstPost.locator('h2')).toBeVisible();
        at /home/flob/work/biome-high-cpu/biome-high-cpu-6541/tests/blog.spec.ts:26:48

    Error Context: ../test-results/blog-Biome-js-Blog-should-show-post-metadata-chromium/error-context.md
]]>
</failure>
<system-out>
<![CDATA[
[[ATTACHMENT|../test-results/blog-Biome-js-Blog-should-show-post-metadata-chromium/error-context.md]]
]]>
</system-out>
</testcase>
<testcase name="Biome.js Blog › should have working post links" classname="blog.spec.ts" time="1.793">
</testcase>
<testcase name="Biome.js Blog › should display post content correctly" classname="blog.spec.ts" time="6.771">
<failure message="blog.spec.ts:41:3 should display post content correctly" type="FAILURE">
<![CDATA[  [chromium] › blog.spec.ts:41:3 › Biome.js Blog › should display post content correctly ───────────

    Error: Timed out 5000ms waiting for expect(locator).toBeVisible()

    Locator: locator('article')
    Expected: visible
    Received: <element(s) not found>
    Call log:
      - Expect "toBeVisible" with timeout 5000ms
      - waiting for locator('article')


      44 |
      45 |     // Check post structure
    > 46 |     await expect(page.locator('article')).toBeVisible();
         |                                           ^
      47 |     await expect(page.locator('h1')).toBeVisible();
      48 |     await expect(page.locator('.post-content')).toBeVisible();
      49 |   });
        at /home/flob/work/biome-high-cpu/biome-high-cpu-6541/tests/blog.spec.ts:46:43

    Error Context: ../test-results/blog-Biome-js-Blog-should-display-post-content-correctly-chromium/error-context.md
]]>
</failure>
<system-out>
<![CDATA[
[[ATTACHMENT|../test-results/blog-Biome-js-Blog-should-display-post-content-correctly-chromium/error-context.md]]
]]>
</system-out>
</testcase>
<testcase name="Biome.js Blog › should handle code snippets in posts" classname="blog.spec.ts" time="1.763">
</testcase>
<testcase name="Biome.js Blog › should handle images in posts" classname="blog.spec.ts" time="1.855">
</testcase>
<testcase name="Biome.js Blog › should have working social share buttons" classname="blog.spec.ts" time="1.523">
</testcase>
<testcase name="Biome.js Blog › should paginate blog posts" classname="blog.spec.ts" time="1.208">
</testcase>
<testcase name="Biome.js Blog › should have working category filters" classname="blog.spec.ts" time="1.055">
</testcase>
<testcase name="Biome.js Blog › should format dates correctly" classname="blog.spec.ts" time="1.438">
<failure message="blog.spec.ts:105:3 should format dates correctly" type="FAILURE">
<![CDATA[  [chromium] › blog.spec.ts:105:3 › Biome.js Blog › should format dates correctly ──────────────────

    Error: expect(received).toMatch(expected)

    Expected pattern: /^\d{4}-\d{2}-\d{2}$/
    Received string:  " Jun 17, 2025 "

      107 |     for (const date of await dates.all()) {
      108 |       const dateText = await date.textContent();
    > 109 |       expect(dateText).toMatch(/^\d{4}-\d{2}-\d{2}$/);
          |                        ^
      110 |     }
      111 |   });
      112 |
        at /home/flob/work/biome-high-cpu/biome-high-cpu-6541/tests/blog.spec.ts:109:24

    Error Context: ../test-results/blog-Biome-js-Blog-should-format-dates-correctly-chromium/error-context.md
]]>
</failure>
<system-out>
<![CDATA[
[[ATTACHMENT|../test-results/blog-Biome-js-Blog-should-format-dates-correctly-chromium/error-context.md]]
]]>
</system-out>
</testcase>
<testcase name="Biome.js Blog › should handle responsive images" classname="blog.spec.ts" time="1.152">
</testcase>
</testsuite>
<testsuite name="documentation.spec.ts" timestamp="2025-06-26T11:20:45.812Z" hostname="chromium" tests="8" failures="7" skipped="0" time="46.363" errors="0">
<testcase name="Biome.js Documentation › should load documentation page" classname="documentation.spec.ts" time="6.082">
<failure message="documentation.spec.ts:8:3 should load documentation page" type="FAILURE">
<![CDATA[  [chromium] › documentation.spec.ts:8:3 › Biome.js Documentation › should load documentation page ─

    Error: Timed out 5000ms waiting for expect(page).toHaveTitle(expected)

    Locator: locator(':root')
    Expected pattern: /Reference/
    Received string:  "404 | Biome"
    Call log:
      - Expect "toHaveTitle" with timeout 5000ms
      - waiting for locator(':root')
        9 × locator resolved to <html lang="en" dir="ltr" data-has-hero="" data-theme="light" class="astro-zhibqghj">…</html>
          - unexpected value "404 | Biome"


       7 |
       8 |   test('should load documentation page', async ({ page }) => {
    >  9 |     await expect(page).toHaveTitle(/Reference/);
         |                        ^
      10 |     await expect(page.locator('h1')).toContainText('Reference');
      11 |   });
      12 |
        at /home/flob/work/biome-high-cpu/biome-high-cpu-6541/tests/documentation.spec.ts:9:24

    Error Context: ../test-results/documentation-Biome-js-Doc-39dee-uld-load-documentation-page-chromium/error-context.md
]]>
</failure>
<system-out>
<![CDATA[
[[ATTACHMENT|../test-results/documentation-Biome-js-Doc-39dee-uld-load-documentation-page-chromium/error-context.md]]
]]>
</system-out>
</testcase>
<testcase name="Biome.js Documentation › should have working sidebar navigation" classname="documentation.spec.ts" time="6.118">
<failure message="documentation.spec.ts:13:3 should have working sidebar navigation" type="FAILURE">
<![CDATA[  [chromium] › documentation.spec.ts:13:3 › Biome.js Documentation › should have working sidebar navigation 

    Error: Timed out 5000ms waiting for expect(locator).toBeVisible()

    Locator: locator('.sidebar')
    Expected: visible
    Received: <element(s) not found>
    Call log:
      - Expect "toBeVisible" with timeout 5000ms
      - waiting for locator('.sidebar')


      13 |   test('should have working sidebar navigation', async ({ page }) => {
      14 |     const sidebar = page.locator('.sidebar');
    > 15 |     await expect(sidebar).toBeVisible();
         |                           ^
      16 |
      17 |     // Check for sidebar categories
      18 |     const sidebarCategories = sidebar.locator('.category');
        at /home/flob/work/biome-high-cpu/biome-high-cpu-6541/tests/documentation.spec.ts:15:27

    Error Context: ../test-results/documentation-Biome-js-Doc-617ba--working-sidebar-navigation-chromium/error-context.md
]]>
</failure>
<system-out>
<![CDATA[
[[ATTACHMENT|../test-results/documentation-Biome-js-Doc-617ba--working-sidebar-navigation-chromium/error-context.md]]
]]>
</system-out>
</testcase>
<testcase name="Biome.js Documentation › should have working search functionality" classname="documentation.spec.ts" time="6.227">
<failure message="documentation.spec.ts:22:3 should have working search functionality" type="FAILURE">
<![CDATA[  [chromium] › documentation.spec.ts:22:3 › Biome.js Documentation › should have working search functionality 

    Error: Timed out 5000ms waiting for expect(locator).toBeVisible()

    Locator: locator('.search-results')
    Expected: visible
    Received: <element(s) not found>
    Call log:
      - Expect "toBeVisible" with timeout 5000ms
      - waiting for locator('.search-results')


      36 |     // Wait for search results
      37 |     const searchResults = page.locator('.search-results');
    > 38 |     await expect(searchResults).toBeVisible();
         |                                 ^
      39 |     await expect(searchResults.locator('li')).toHaveCount(1);
      40 |   });
      41 |
        at /home/flob/work/biome-high-cpu/biome-high-cpu-6541/tests/documentation.spec.ts:38:33

    Error Context: ../test-results/documentation-Biome-js-Doc-4a38e-orking-search-functionality-chromium/error-context.md
]]>
</failure>
<system-out>
<![CDATA[
[[ATTACHMENT|../test-results/documentation-Biome-js-Doc-4a38e-orking-search-functionality-chromium/error-context.md]]
]]>
</system-out>
</testcase>
<testcase name="Biome.js Documentation › should navigate between documentation sections" classname="documentation.spec.ts" time="3.897">
</testcase>
<testcase name="Biome.js Documentation › should display code examples properly" classname="documentation.spec.ts" time="4.22">
<failure message="documentation.spec.ts:53:3 should display code examples properly" type="FAILURE">
<![CDATA[  [chromium] › documentation.spec.ts:53:3 › Biome.js Documentation › should display code examples properly 

    Error: expect.toBeVisible: Error: strict mode violation: locator('pre code') resolved to 40 elements:
        1) <code>…</code> aka getByText('1{2 "$schema": "./')
        2) <code>…</code> aka getByText('1{2 "$schema": "https://')
        3) <code>…</code> aka getByText('{2 "files": {3 "includes": ["src/**/*.js"]4 }5}')
        4) <code>…</code> aka getByText('{2 "files": {3 "includes": ["**", "!**/*.test.js", "**/special.test.js", "!test')
        5) <code>…</code> aka getByText('{2 "files": {3 "ignoreUnknown": true4 }5}')
        6) <code>…</code> aka getByText('{2 "linter": {3 "includes": ["src/**/*.js"]4 }5}')
        7) <code>…</code> aka getByText('{2 "linter": {3 "includes": ["**", "!**/*.test.js", "**/special.test.js"]4 }5}')
        8) <code>…</code> aka getByText('{2 "files": {3 "includes": "src/**"4 },5 "linter": {6 // This matches nothing')
        9) <code>…</code> aka getByText('1{2 "linter": {3 "rules": {4')
        10) <code>…</code> aka getByRole('figure', { name: 'Terminal window' }).getByRole('code')
        ...

    Call log:
      - Expect "toBeVisible" with timeout 5000ms
      - waiting for locator('pre code')


      56 |
      57 |     const codeBlocks = page.locator('pre code');
    > 58 |     await expect(codeBlocks).toBeVisible();
         |                              ^
      59 |
      60 |     // Verify syntax highlighting
      61 |     const highlightedCode = page.locator('.token');
        at /home/flob/work/biome-high-cpu/biome-high-cpu-6541/tests/documentation.spec.ts:58:30

    Error Context: ../test-results/documentation-Biome-js-Doc-477e7-play-code-examples-properly-chromium/error-context.md
]]>
</failure>
<system-out>
<![CDATA[
[[ATTACHMENT|../test-results/documentation-Biome-js-Doc-477e7-play-code-examples-properly-chromium/error-context.md]]
]]>
</system-out>
</testcase>
<testcase name="Biome.js Documentation › should have working copy code buttons" classname="documentation.spec.ts" time="7.825">
<failure message="documentation.spec.ts:65:3 should have working copy code buttons" type="FAILURE">
<![CDATA[  [chromium] › documentation.spec.ts:65:3 › Biome.js Documentation › should have working copy code buttons 

    Error: Timed out 5000ms waiting for expect(locator).toBeVisible()

    Locator: locator('button[aria-label*="copy"]')
    Expected: visible
    Received: <element(s) not found>
    Call log:
      - Expect "toBeVisible" with timeout 5000ms
      - waiting for locator('button[aria-label*="copy"]')


      67 |
      68 |     const copyButtons = page.locator('button[aria-label*="copy"]');
    > 69 |     await expect(copyButtons).toBeVisible();
         |                               ^
      70 |
      71 |     // Click first copy button
      72 |     await copyButtons.first().click();
        at /home/flob/work/biome-high-cpu/biome-high-cpu-6541/tests/documentation.spec.ts:69:31

    Error Context: ../test-results/documentation-Biome-js-Doc-2c0a3-e-working-copy-code-buttons-chromium/error-context.md
]]>
</failure>
<system-out>
<![CDATA[
[[ATTACHMENT|../test-results/documentation-Biome-js-Doc-2c0a3-e-working-copy-code-buttons-chromium/error-context.md]]
]]>
</system-out>
</testcase>
<testcase name="Biome.js Documentation › should have working pagination" classname="documentation.spec.ts" time="5.757">
<failure message="documentation.spec.ts:78:3 should have working pagination" type="FAILURE">
<![CDATA[  [chromium] › documentation.spec.ts:78:3 › Biome.js Documentation › should have working pagination 

    Error: Timed out 5000ms waiting for expect(locator).toBeVisible()

    Locator: getByRole('link', { name: /next/i })
    Expected: visible
    Received: <element(s) not found>
    Call log:
      - Expect "toBeVisible" with timeout 5000ms
      - waiting for getByRole('link', { name: /next/i })


      81 |
      82 |     // Verify navigation buttons
    > 83 |     await expect(nextButton).toBeVisible();
         |                              ^
      84 |     await expect(prevButton).toBeVisible();
      85 |
      86 |     // Navigate to next page
        at /home/flob/work/biome-high-cpu/biome-high-cpu-6541/tests/documentation.spec.ts:83:30

    Error Context: ../test-results/documentation-Biome-js-Doc-fbe7d-uld-have-working-pagination-chromium/error-context.md
]]>
</failure>
<system-out>
<![CDATA[
[[ATTACHMENT|../test-results/documentation-Biome-js-Doc-fbe7d-uld-have-working-pagination-chromium/error-context.md]]
]]>
</system-out>
</testcase>
<testcase name="Biome.js Documentation › should handle mobile responsive layout" classname="documentation.spec.ts" time="6.237">
<failure message="documentation.spec.ts:92:3 should handle mobile responsive layout" type="FAILURE">
<![CDATA[  [chromium] › documentation.spec.ts:92:3 › Biome.js Documentation › should handle mobile responsive layout 

    Error: Timed out 5000ms waiting for expect(locator).toBeVisible()

    Locator: getByRole('button', { name: /menu/i })
    Expected: visible
    Received: <element(s) not found>
    Call log:
      - Expect "toBeVisible" with timeout 5000ms
      - waiting for getByRole('button', { name: /menu/i })


       96 |     // Check for mobile menu button
       97 |     const menuButton = page.getByRole('button', { name: /menu/i });
    >  98 |     await expect(menuButton).toBeVisible();
          |                              ^
       99 |
      100 |     // Open mobile menu
      101 |     await menuButton.click();
        at /home/flob/work/biome-high-cpu/biome-high-cpu-6541/tests/documentation.spec.ts:98:30

    Error Context: ../test-results/documentation-Biome-js-Doc-a3136-le-mobile-responsive-layout-chromium/error-context.md
]]>
</failure>
<system-out>
<![CDATA[
[[ATTACHMENT|../test-results/documentation-Biome-js-Doc-a3136-le-mobile-responsive-layout-chromium/error-context.md]]
]]>
</system-out>
</testcase>
</testsuite>
<testsuite name="example.spec.ts" timestamp="2025-06-26T11:20:45.812Z" hostname="chromium" tests="2" failures="0" skipped="0" time="1.263" errors="0">
<testcase name="has title" classname="example.spec.ts" time="0.528">
</testcase>
<testcase name="get started link" classname="example.spec.ts" time="0.735">
</testcase>
</testsuite>
<testsuite name="getting-started.spec.ts" timestamp="2025-06-26T11:20:45.812Z" hostname="chromium" tests="11" failures="9" skipped="0" time="47.97" errors="0">
<testcase name="Biome.js Getting Started Guide › should display correct page title" classname="getting-started.spec.ts" time="1.211">
</testcase>
<testcase name="Biome.js Getting Started Guide › should show installation commands" classname="getting-started.spec.ts" time="5.906">
<failure message="getting-started.spec.ts:12:3 should show installation commands" type="FAILURE">
<![CDATA[  [chromium] › getting-started.spec.ts:12:3 › Biome.js Getting Started Guide › should show installation commands 

    Error: Timed out 5000ms waiting for expect(locator).toBeVisible()

    Locator: locator('code:has-text("npm install")')
    Expected: visible
    Received: <element(s) not found>
    Call log:
      - Expect "toBeVisible" with timeout 5000ms
      - waiting for locator('code:has-text("npm install")')


      15 |     const yarnCommand = page.locator('code:has-text("yarn add")');
      16 |
    > 17 |     await expect(npmCommand).toBeVisible();
         |                              ^
      18 |     await expect(pnpmCommand).toBeVisible();
      19 |     await expect(yarnCommand).toBeVisible();
      20 |   });
        at /home/flob/work/biome-high-cpu/biome-high-cpu-6541/tests/getting-started.spec.ts:17:30

    Error Context: ../test-results/getting-started-Biome-js-G-c2cd4--show-installation-commands-chromium/error-context.md
]]>
</failure>
<system-out>
<![CDATA[
[[ATTACHMENT|../test-results/getting-started-Biome-js-G-c2cd4--show-installation-commands-chromium/error-context.md]]
]]>
</system-out>
</testcase>
<testcase name="Biome.js Getting Started Guide › should have copyable code blocks" classname="getting-started.spec.ts" time="5.938">
<failure message="getting-started.spec.ts:22:3 should have copyable code blocks" type="FAILURE">
<![CDATA[  [chromium] › getting-started.spec.ts:22:3 › Biome.js Getting Started Guide › should have copyable code blocks 

    Error: Timed out 5000ms waiting for expect(locator).toHaveCount(expected)

    Locator: locator('pre code')
    Expected: 5
    Received: 15
    Call log:
      - Expect "toHaveCount" with timeout 5000ms
      - waiting for locator('pre code')
        9 × locator resolved to 15 elements
          - unexpected value "15"


      22 |   test('should have copyable code blocks', async ({ page }) => {
      23 |     const codeBlocks = page.locator('pre code');
    > 24 |     await expect(codeBlocks).toHaveCount(5); // Adjust based on actual count
         |                              ^
      25 |
      26 |     const copyButtons = page.locator('button[aria-label*="copy"]');
      27 |     await expect(copyButtons).toHaveCount(5); // Should match code blocks count
        at /home/flob/work/biome-high-cpu/biome-high-cpu-6541/tests/getting-started.spec.ts:24:30

    Error Context: ../test-results/getting-started-Biome-js-G-69854-d-have-copyable-code-blocks-chromium/error-context.md
]]>
</failure>
<system-out>
<![CDATA[
[[ATTACHMENT|../test-results/getting-started-Biome-js-G-69854-d-have-copyable-code-blocks-chromium/error-context.md]]
]]>
</system-out>
</testcase>
<testcase name="Biome.js Getting Started Guide › should show configuration file example" classname="getting-started.spec.ts" time="6.167">
<failure message="getting-started.spec.ts:30:3 should show configuration file example" type="FAILURE">
<![CDATA[  [chromium] › getting-started.spec.ts:30:3 › Biome.js Getting Started Guide › should show configuration file example 

    Error: Timed out 5000ms waiting for expect(locator).toBeVisible()

    Locator: locator('pre code:has-text("biome.json")')
    Expected: visible
    Received: <element(s) not found>
    Call log:
      - Expect "toBeVisible" with timeout 5000ms
      - waiting for locator('pre code:has-text("biome.json")')


      30 |   test('should show configuration file example', async ({ page }) => {
      31 |     const configExample = page.locator('pre code:has-text("biome.json")');
    > 32 |     await expect(configExample).toBeVisible();
         |                                 ^
      33 |   });
      34 |
      35 |   test('should have working table of contents', async ({ page }) => {
        at /home/flob/work/biome-high-cpu/biome-high-cpu-6541/tests/getting-started.spec.ts:32:33

    Error Context: ../test-results/getting-started-Biome-js-G-997e6--configuration-file-example-chromium/error-context.md
]]>
</failure>
<system-out>
<![CDATA[
[[ATTACHMENT|../test-results/getting-started-Biome-js-G-997e6--configuration-file-example-chromium/error-context.md]]
]]>
</system-out>
</testcase>
<testcase name="Biome.js Getting Started Guide › should have working table of contents" classname="getting-started.spec.ts" time="5.729">
<failure message="getting-started.spec.ts:35:3 should have working table of contents" type="FAILURE">
<![CDATA[  [chromium] › getting-started.spec.ts:35:3 › Biome.js Getting Started Guide › should have working table of contents 

    Error: Timed out 5000ms waiting for expect(locator).toBeVisible()

    Locator: locator('nav[aria-label="Table of Contents"]')
    Expected: visible
    Received: <element(s) not found>
    Call log:
      - Expect "toBeVisible" with timeout 5000ms
      - waiting for locator('nav[aria-label="Table of Contents"]')


      35 |   test('should have working table of contents', async ({ page }) => {
      36 |     const toc = page.locator('nav[aria-label="Table of Contents"]');
    > 37 |     await expect(toc).toBeVisible();
         |                       ^
      38 |
      39 |     const tocLinks = toc.locator('a');
      40 |     const linksCount = await tocLinks.count();
        at /home/flob/work/biome-high-cpu/biome-high-cpu-6541/tests/getting-started.spec.ts:37:23

    Error Context: ../test-results/getting-started-Biome-js-G-271af-e-working-table-of-contents-chromium/error-context.md
]]>
</failure>
<system-out>
<![CDATA[
[[ATTACHMENT|../test-results/getting-started-Biome-js-G-271af-e-working-table-of-contents-chromium/error-context.md]]
]]>
</system-out>
</testcase>
<testcase name="Biome.js Getting Started Guide › should have correct next/previous navigation" classname="getting-started.spec.ts" time="1.391">
<failure message="getting-started.spec.ts:48:3 should have correct next/previous navigation" type="FAILURE">
<![CDATA[  [chromium] › getting-started.spec.ts:48:3 › Biome.js Getting Started Guide › should have correct next/previous navigation 

    Error: expect.toBeVisible: Error: strict mode violation: getByRole('link', { name: /next/i }) resolved to 2 elements:
        1) <a href="#next-steps" class="astro-nclatshe">…</a> aka getByRole('link', { name: 'Next Steps', exact: true })
        2) <a href="#next-steps" class="sl-anchor-link">…</a> aka getByRole('link', { name: 'Section titled “Next Steps”' })

    Call log:
      - Expect "toBeVisible" with timeout 5000ms
      - waiting for getByRole('link', { name: /next/i })


      50 |     const prevLink = page.getByRole('link', { name: /previous/i });
      51 |
    > 52 |     await expect(nextLink).toBeVisible();
         |                            ^
      53 |     await expect(prevLink).toBeVisible();
      54 |
      55 |     const initialUrl = page.url();
        at /home/flob/work/biome-high-cpu/biome-high-cpu-6541/tests/getting-started.spec.ts:52:28

    Error Context: ../test-results/getting-started-Biome-js-G-a2956-ct-next-previous-navigation-chromium/error-context.md
]]>
</failure>
<system-out>
<![CDATA[
[[ATTACHMENT|../test-results/getting-started-Biome-js-G-a2956-ct-next-previous-navigation-chromium/error-context.md]]
]]>
</system-out>
</testcase>
<testcase name="Biome.js Getting Started Guide › should have working CLI command examples" classname="getting-started.spec.ts" time="2.207">
<failure message="getting-started.spec.ts:60:3 should have working CLI command examples" type="FAILURE">
<![CDATA[  [chromium] › getting-started.spec.ts:60:3 › Biome.js Getting Started Guide › should have working CLI command examples 

    Error: expect.toBeVisible: Error: strict mode violation: locator('code:has-text("biome init")') resolved to 5 elements:
        1) <code>…</code> aka getByRole('code').filter({ hasText: 'npx @biomejs/biome init' })
        2) <code>…</code> aka locator('code').filter({ hasText: 'pnpm exec biome init' })
        3) <code>…</code> aka locator('code').filter({ hasText: 'bunx --bun biome init' })
        4) <code>…</code> aka locator('code').filter({ hasText: 'deno run -A npm:@biomejs/biome init' })
        5) <code>…</code> aka locator('code').filter({ hasText: 'yarn exec biome init' })

    Call log:
      - Expect "toBeVisible" with timeout 5000ms
      - waiting for locator('code:has-text("biome init")')


      63 |     for (const command of cliCommands) {
      64 |       const commandBlock = page.locator(`code:has-text("${command}")`);
    > 65 |       await expect(commandBlock).toBeVisible();
         |                                  ^
      66 |     }
      67 |   });
      68 |
        at /home/flob/work/biome-high-cpu/biome-high-cpu-6541/tests/getting-started.spec.ts:65:34

    Error Context: ../test-results/getting-started-Biome-js-G-e6daf-orking-CLI-command-examples-chromium/error-context.md
]]>
</failure>
<system-out>
<![CDATA[
[[ATTACHMENT|../test-results/getting-started-Biome-js-G-e6daf-orking-CLI-command-examples-chromium/error-context.md]]
]]>
</system-out>
</testcase>
<testcase name="Biome.js Getting Started Guide › should show correct folder structure" classname="getting-started.spec.ts" time="6.199">
<failure message="getting-started.spec.ts:69:3 should show correct folder structure" type="FAILURE">
<![CDATA[  [chromium] › getting-started.spec.ts:69:3 › Biome.js Getting Started Guide › should show correct folder structure 

    Error: Timed out 5000ms waiting for expect(locator).toBeVisible()

    Locator: locator('pre:has-text("node_modules")')
    Expected: visible
    Received: <element(s) not found>
    Call log:
      - Expect "toBeVisible" with timeout 5000ms
      - waiting for locator('pre:has-text("node_modules")')


      69 |   test('should show correct folder structure', async ({ page }) => {
      70 |     const folderStructure = page.locator('pre:has-text("node_modules")');
    > 71 |     await expect(folderStructure).toBeVisible();
         |                                   ^
      72 |   });
      73 |
      74 |   test('should validate all external links', async ({ page }) => {
        at /home/flob/work/biome-high-cpu/biome-high-cpu-6541/tests/getting-started.spec.ts:71:35

    Error Context: ../test-results/getting-started-Biome-js-G-f1862-ow-correct-folder-structure-chromium/error-context.md
]]>
</failure>
<system-out>
<![CDATA[
[[ATTACHMENT|../test-results/getting-started-Biome-js-G-f1862-ow-correct-folder-structure-chromium/error-context.md]]
]]>
</system-out>
</testcase>
<testcase name="Biome.js Getting Started Guide › should validate all external links" classname="getting-started.spec.ts" time="1.172">
</testcase>
<testcase name="Biome.js Getting Started Guide › should handle code highlighting" classname="getting-started.spec.ts" time="6.091">
<failure message="getting-started.spec.ts:85:3 should handle code highlighting" type="FAILURE">
<![CDATA[  [chromium] › getting-started.spec.ts:85:3 › Biome.js Getting Started Guide › should handle code highlighting 

    Error: Timed out 5000ms waiting for expect(locator).toBeVisible()

    Locator: locator('.token')
    Expected: visible
    Received: <element(s) not found>
    Call log:
      - Expect "toBeVisible" with timeout 5000ms
      - waiting for locator('.token')


      85 |   test('should handle code highlighting', async ({ page }) => {
      86 |     const highlightedCode = page.locator('.token');
    > 87 |     await expect(highlightedCode).toBeVisible();
         |                                   ^
      88 |
      89 |     // Check specific syntax highlighting
      90 |     const keywords = page.locator('.token.keyword');
        at /home/flob/work/biome-high-cpu/biome-high-cpu-6541/tests/getting-started.spec.ts:87:35

    Error Context: ../test-results/getting-started-Biome-js-G-1bebc-ld-handle-code-highlighting-chromium/error-context.md
]]>
</failure>
<system-out>
<![CDATA[
[[ATTACHMENT|../test-results/getting-started-Biome-js-G-1bebc-ld-handle-code-highlighting-chromium/error-context.md]]
]]>
</system-out>
</testcase>
<testcase name="Biome.js Getting Started Guide › should have working breadcrumb navigation" classname="getting-started.spec.ts" time="5.959">
<failure message="getting-started.spec.ts:94:3 should have working breadcrumb navigation" type="FAILURE">
<![CDATA[  [chromium] › getting-started.spec.ts:94:3 › Biome.js Getting Started Guide › should have working breadcrumb navigation 

    Error: Timed out 5000ms waiting for expect(locator).toBeVisible()

    Locator: locator('nav[aria-label="Breadcrumb"]')
    Expected: visible
    Received: <element(s) not found>
    Call log:
      - Expect "toBeVisible" with timeout 5000ms
      - waiting for locator('nav[aria-label="Breadcrumb"]')


      94 |   test('should have working breadcrumb navigation', async ({ page }) => {
      95 |     const breadcrumbs = page.locator('nav[aria-label="Breadcrumb"]');
    > 96 |     await expect(breadcrumbs).toBeVisible();
         |                               ^
      97 |
      98 |     const breadcrumbLinks = breadcrumbs.locator('a');
      99 |     await expect(breadcrumbLinks).toHaveCount(2); // Guides > Getting Started
        at /home/flob/work/biome-high-cpu/biome-high-cpu-6541/tests/getting-started.spec.ts:96:31

    Error Context: ../test-results/getting-started-Biome-js-G-795fc-rking-breadcrumb-navigation-chromium/error-context.md
]]>
</failure>
<system-out>
<![CDATA[
[[ATTACHMENT|../test-results/getting-started-Biome-js-G-795fc-rking-breadcrumb-navigation-chromium/error-context.md]]
]]>
</system-out>
</testcase>
</testsuite>
<testsuite name="homepage.spec.ts" timestamp="2025-06-26T11:20:45.812Z" hostname="chromium" tests="7" failures="5" skipped="0" time="34.748" errors="0">
<testcase name="Biome.js Homepage › should have correct title" classname="homepage.spec.ts" time="1.521">
</testcase>
<testcase name="Biome.js Homepage › should display main hero section" classname="homepage.spec.ts" time="6.396">
<failure message="homepage.spec.ts:12:3 should display main hero section" type="FAILURE">
<![CDATA[  [chromium] › homepage.spec.ts:12:3 › Biome.js Homepage › should display main hero section ────────

    Error: Timed out 5000ms waiting for expect(locator).toBeVisible()

    Locator: locator('.hero-section')
    Expected: visible
    Received: <element(s) not found>
    Call log:
      - Expect "toBeVisible" with timeout 5000ms
      - waiting for locator('.hero-section')


      12 |   test('should display main hero section', async ({ page }) => {
      13 |     const heroSection = page.locator('.hero-section');
    > 14 |     await expect(heroSection).toBeVisible();
         |                               ^
      15 |     await expect(heroSection.locator('h1')).toContainText('Biome');
      16 |   });
      17 |
        at /home/flob/work/biome-high-cpu/biome-high-cpu-6541/tests/homepage.spec.ts:14:31

    Error Context: ../test-results/homepage-Biome-js-Homepage-should-display-main-hero-section-chromium/error-context.md
]]>
</failure>
<system-out>
<![CDATA[
[[ATTACHMENT|../test-results/homepage-Biome-js-Homepage-should-display-main-hero-section-chromium/error-context.md]]
]]>
</system-out>
</testcase>
<testcase name="Biome.js Homepage › should have working navigation links" classname="homepage.spec.ts" time="6.211">
<failure message="homepage.spec.ts:18:3 should have working navigation links" type="FAILURE">
<![CDATA[  [chromium] › homepage.spec.ts:18:3 › Biome.js Homepage › should have working navigation links ────

    Error: Timed out 5000ms waiting for expect(locator).toHaveCount(expected)

    Locator: locator('nav a')
    Expected: 4
    Received: 0
    Call log:
      - Expect "toHaveCount" with timeout 5000ms
      - waiting for locator('nav a')
        9 × locator resolved to 0 elements
          - unexpected value "0"


      18 |   test('should have working navigation links', async ({ page }) => {
      19 |     const navLinks = page.locator('nav a');
    > 20 |     await expect(navLinks).toHaveCount(4); // Adjust based on actual nav items
         |                            ^
      21 |
      22 |     // Test each navigation link
      23 |     for (const link of await navLinks.all()) {
        at /home/flob/work/biome-high-cpu/biome-high-cpu-6541/tests/homepage.spec.ts:20:28

    Error Context: ../test-results/homepage-Biome-js-Homepage-d9d51-ve-working-navigation-links-chromium/error-context.md
]]>
</failure>
<system-out>
<![CDATA[
[[ATTACHMENT|../test-results/homepage-Biome-js-Homepage-d9d51-ve-working-navigation-links-chromium/error-context.md]]
]]>
</system-out>
</testcase>
<testcase name="Biome.js Homepage › should have functional &quot;Get Started&quot; button" classname="homepage.spec.ts" time="6.508">
<failure message="homepage.spec.ts:29:3 should have functional &quot;Get Started&quot; button" type="FAILURE">
<![CDATA[  [chromium] › homepage.spec.ts:29:3 › Biome.js Homepage › should have functional "Get Started" button 

    Error: Timed out 5000ms waiting for expect(locator).toHaveAttribute(expected)

    Locator: getByRole('link', { name: /get started/i })
    Expected string: "/getting-started"
    Received string: "/guides/getting-started/"
    Call log:
      - Expect "toHaveAttribute" with timeout 5000ms
      - waiting for getByRole('link', { name: /get started/i })
        9 × locator resolved to <a href="/guides/getting-started/" class="sl-link-button not-content primary astro-znqqvhqz astro-ubwjqzj3">…</a>
          - unexpected value "/guides/getting-started/"


      30 |     const getStartedButton = page.getByRole('link', { name: /get started/i });
      31 |     await expect(getStartedButton).toBeVisible();
    > 32 |     await expect(getStartedButton).toHaveAttribute('href', '/getting-started');
         |                                    ^
      33 |   });
      34 |
      35 |   test('should display feature sections', async ({ page }) => {
        at /home/flob/work/biome-high-cpu/biome-high-cpu-6541/tests/homepage.spec.ts:32:36

    Error Context: ../test-results/homepage-Biome-js-Homepage-f76e3-nctional-Get-Started-button-chromium/error-context.md
]]>
</failure>
<system-out>
<![CDATA[
[[ATTACHMENT|../test-results/homepage-Biome-js-Homepage-f76e3-nctional-Get-Started-button-chromium/error-context.md]]
]]>
</system-out>
</testcase>
<testcase name="Biome.js Homepage › should display feature sections" classname="homepage.spec.ts" time="6.249">
<failure message="homepage.spec.ts:35:3 should display feature sections" type="FAILURE">
<![CDATA[  [chromium] › homepage.spec.ts:35:3 › Biome.js Homepage › should display feature sections ─────────

    Error: Timed out 5000ms waiting for expect(locator).toHaveCount(expected)

    Locator: locator('.feature-section')
    Expected: 3
    Received: 0
    Call log:
      - Expect "toHaveCount" with timeout 5000ms
      - waiting for locator('.feature-section')
        9 × locator resolved to 0 elements
          - unexpected value "0"


      35 |   test('should display feature sections', async ({ page }) => {
      36 |     const featureSections = page.locator('.feature-section');
    > 37 |     await expect(featureSections).toHaveCount(3); // Adjust based on actual features count
         |                                   ^
      38 |
      39 |     // Verify each feature section has content
      40 |     for (const section of await featureSections.all()) {
        at /home/flob/work/biome-high-cpu/biome-high-cpu-6541/tests/homepage.spec.ts:37:35

    Error Context: ../test-results/homepage-Biome-js-Homepage-should-display-feature-sections-chromium/error-context.md
]]>
</failure>
<system-out>
<![CDATA[
[[ATTACHMENT|../test-results/homepage-Biome-js-Homepage-should-display-feature-sections-chromium/error-context.md]]
]]>
</system-out>
</testcase>
<testcase name="Biome.js Homepage › should have working GitHub link" classname="homepage.spec.ts" time="1.534">
</testcase>
<testcase name="Biome.js Homepage › should have working theme switcher" classname="homepage.spec.ts" time="6.329">
<failure message="homepage.spec.ts:52:3 should have working theme switcher" type="FAILURE">
<![CDATA[  [chromium] › homepage.spec.ts:52:3 › Biome.js Homepage › should have working theme switcher ──────

    Error: Timed out 5000ms waiting for expect(locator).toBeVisible()

    Locator: locator('button[aria-label*="theme"]')
    Expected: visible
    Received: <element(s) not found>
    Call log:
      - Expect "toBeVisible" with timeout 5000ms
      - waiting for locator('button[aria-label*="theme"]')


      52 |   test('should have working theme switcher', async ({ page }) => {
      53 |     const themeSwitcher = page.locator('button[aria-label*="theme"]');
    > 54 |     await expect(themeSwitcher).toBeVisible();
         |                                 ^
      55 |
      56 |     // Click theme switcher
      57 |     await themeSwitcher.click();
        at /home/flob/work/biome-high-cpu/biome-high-cpu-6541/tests/homepage.spec.ts:54:33

    Error Context: ../test-results/homepage-Biome-js-Homepage-06842-have-working-theme-switcher-chromium/error-context.md
]]>
</failure>
<system-out>
<![CDATA[
[[ATTACHMENT|../test-results/homepage-Biome-js-Homepage-06842-have-working-theme-switcher-chromium/error-context.md]]
]]>
</system-out>
</testcase>
</testsuite>
<testsuite name="internal-links.spec.ts" timestamp="2025-06-26T11:20:45.812Z" hostname="chromium" tests="11" failures="4" skipped="0" time="86.641" errors="0">
<testcase name="Biome.js Internal Links › should validate all internal links on homepage" classname="internal-links.spec.ts" time="30.039">
<failure message="internal-links.spec.ts:16:3 should validate all internal links on homepage" type="FAILURE">
<![CDATA[  [chromium] › internal-links.spec.ts:16:3 › Biome.js Internal Links › should validate all internal links on homepage 

    Test timeout of 30000ms exceeded.

    Error: locator.getAttribute: Test timeout of 30000ms exceeded.
    Call log:
      - waiting for locator('a[href^="/"]').nth(1)


      21 |
      22 |     for (const link of links) {
    > 23 |       const href = await link.getAttribute('href');
         |                               ^
      24 |       expect(href).toBeTruthy();
      25 |       await link.click();
      26 |       await expect(page).toHaveURL(new RegExp(href.replace('/', '\\/')));
        at /home/flob/work/biome-high-cpu/biome-high-cpu-6541/tests/internal-links.spec.ts:23:31
]]>
</failure>
</testcase>
<testcase name="Biome.js Internal Links › should validate navigation menu links" classname="internal-links.spec.ts" time="0.754">
</testcase>
<testcase name="Biome.js Internal Links › should check all footer links" classname="internal-links.spec.ts" time="0.974">
</testcase>
<testcase name="Biome.js Internal Links › should validate documentation sidebar links" classname="internal-links.spec.ts" time="0.789">
</testcase>
<testcase name="Biome.js Internal Links › should check anchor links in documentation" classname="internal-links.spec.ts" time="30.182">
<failure message="internal-links.spec.ts:79:3 should check anchor links in documentation" type="FAILURE">
<![CDATA[  [chromium] › internal-links.spec.ts:79:3 › Biome.js Internal Links › should check anchor links in documentation 

    Test timeout of 30000ms exceeded.

    Error: locator.click: Test timeout of 30000ms exceeded.
    Call log:
      - waiting for locator('a[href^="#"]').first()
        - locator resolved to <a href="#_top" class="astro-ju5pju2b">Skip to content</a>
      - attempting click action
        2 × waiting for element to be visible, enabled and stable
          - element is visible, enabled and stable
          - scrolling into view if needed
          - done scrolling
          - <img alt="" width="1259" height="298" class="dark:sl-hidden print:block astro-vmb27ymm" src="/_astro/logo-light-transparent.D-4iVN_O.svg"/> from <div class="page sl-flex astro-7lwwgn2j">…</div> subtree intercepts pointer events
        - retrying click action
        - waiting 20ms
        2 × waiting for element to be visible, enabled and stable
          - element is visible, enabled and stable
          - scrolling into view if needed
          - done scrolling
          - <img alt="" width="1259" height="298" class="dark:sl-hidden print:block astro-vmb27ymm" src="/_astro/logo-light-transparent.D-4iVN_O.svg"/> from <div class="page sl-flex astro-7lwwgn2j">…</div> subtree intercepts pointer events
        - retrying click action
          - waiting 100ms
        56 × waiting for element to be visible, enabled and stable
           - element is visible, enabled and stable
           - scrolling into view if needed
           - done scrolling
           - <img alt="" width="1259" height="298" class="dark:sl-hidden print:block astro-vmb27ymm" src="/_astro/logo-light-transparent.D-4iVN_O.svg"/> from <div class="page sl-flex astro-7lwwgn2j">…</div> subtree intercepts pointer events
         - retrying click action
           - waiting 500ms


      85 |     for (const link of links) {
      86 |       const href = await link.getAttribute('href');
    > 87 |       await link.click();
         |                  ^
      88 |       await expect(page.url()).toContain(href);
      89 |     }
      90 |   });
        at /home/flob/work/biome-high-cpu/biome-high-cpu-6541/tests/internal-links.spec.ts:87:18

    Error Context: ../test-results/internal-links-Biome-js-In-3a2b6-chor-links-in-documentation-chromium/error-context.md
]]>
</failure>
<system-out>
<![CDATA[
[[ATTACHMENT|../test-results/internal-links-Biome-js-In-3a2b6-chor-links-in-documentation-chromium/error-context.md]]
]]>
</system-out>
</testcase>
<testcase name="Biome.js Internal Links › should validate cross-references between guides" classname="internal-links.spec.ts" time="9.756">
<failure message="internal-links.spec.ts:92:3 should validate cross-references between guides" type="FAILURE">
<![CDATA[  [chromium] › internal-links.spec.ts:92:3 › Biome.js Internal Links › should validate cross-references between guides 

    Error: Timed out 5000ms waiting for expect(locator).toHaveURL(expected)

    Locator: locator(':root')
    Expected pattern: /\/guides\/editors\/first-party-extensions#vs-code/
    Received string:  "https://biomejs.dev/guides/editors/first-party-extensions/#vs-code"
    Call log:
      - Expect "toHaveURL" with timeout 5000ms
      - waiting for locator(':root')
        9 × locator resolved to <html lang="en" dir="ltr" data-has-toc="" data-theme="light" data-has-sidebar="" class="astro-zhibqghj">…</html>
          - unexpected value "https://biomejs.dev/guides/editors/first-party-extensions/#vs-code"


      100 |         const href = await link.getAttribute('href');
      101 |         await link.click();
    > 102 |         await expect(page).toHaveURL(new RegExp(href?.replace('/', '\\/')));
          |                            ^
      103 |         await page.goBack();
      104 |       }
      105 |     }
        at /home/flob/work/biome-high-cpu/biome-high-cpu-6541/tests/internal-links.spec.ts:102:28

    Error Context: ../test-results/internal-links-Biome-js-In-8b73f-s-references-between-guides-chromium/error-context.md
]]>
</failure>
<system-out>
<![CDATA[
[[ATTACHMENT|../test-results/internal-links-Biome-js-In-8b73f-s-references-between-guides-chromium/error-context.md]]
]]>
</system-out>
</testcase>
<testcase name="Biome.js Internal Links › should check API reference cross-links" classname="internal-links.spec.ts" time="0.811">
</testcase>
<testcase name="Biome.js Internal Links › should validate blog post links from index" classname="internal-links.spec.ts" time="4.467">
</testcase>
<testcase name="Biome.js Internal Links › should check related posts links" classname="internal-links.spec.ts" time="1.46">
</testcase>
<testcase name="Biome.js Internal Links › should validate search result links" classname="internal-links.spec.ts" time="6.115">
<failure message="internal-links.spec.ts:154:3 should validate search result links" type="FAILURE">
<![CDATA[  [chromium] › internal-links.spec.ts:154:3 › Biome.js Internal Links › should validate search result links 

    Error: Timed out 5000ms waiting for expect(locator).toBeVisible()

    Locator: locator('.search-result a')
    Expected: visible
    Received: <element(s) not found>
    Call log:
      - Expect "toBeVisible" with timeout 5000ms
      - waiting for locator('.search-result a')


      163 |     // Wait for and check search results
      164 |     const searchResults = page.locator('.search-result a');
    > 165 |     await expect(searchResults).toBeVisible();
          |                                 ^
      166 |
      167 |     const links = await searchResults.all();
      168 |     for (const link of links) {
        at /home/flob/work/biome-high-cpu/biome-high-cpu-6541/tests/internal-links.spec.ts:165:33

    Error Context: ../test-results/internal-links-Biome-js-In-8b5d0-alidate-search-result-links-chromium/error-context.md
]]>
</failure>
<system-out>
<![CDATA[
[[ATTACHMENT|../test-results/internal-links-Biome-js-In-8b5d0-alidate-search-result-links-chromium/error-context.md]]
]]>
</system-out>
</testcase>
<testcase name="Biome.js Internal Links › should check version selector links" classname="internal-links.spec.ts" time="1.294">
</testcase>
</testsuite>
<testsuite name="playground.spec.ts" timestamp="2025-06-26T11:20:45.812Z" hostname="chromium" tests="9" failures="8" skipped="0" time="218.399" errors="0">
<testcase name="Biome.js Playground › should load playground page" classname="playground.spec.ts" time="1.097">
</testcase>
<testcase name="Biome.js Playground › should have working code editor" classname="playground.spec.ts" time="6.41">
<failure message="playground.spec.ts:13:3 should have working code editor" type="FAILURE">
<![CDATA[  [chromium] › playground.spec.ts:13:3 › Biome.js Playground › should have working code editor ─────

    Error: Timed out 5000ms waiting for expect(locator).toBeVisible()

    Locator: locator('.monaco-editor')
    Expected: visible
    Received: <element(s) not found>
    Call log:
      - Expect "toBeVisible" with timeout 5000ms
      - waiting for locator('.monaco-editor')


      13 |   test('should have working code editor', async ({ page }) => {
      14 |     const editor = page.locator('.monaco-editor');
    > 15 |     await expect(editor).toBeVisible();
         |                          ^
      16 |
      17 |     // Type some code
      18 |     await page.keyboard.type('const x = 1;');
        at /home/flob/work/biome-high-cpu/biome-high-cpu-6541/tests/playground.spec.ts:15:26

    Error Context: ../test-results/playground-Biome-js-Playgr-fcd2e-ld-have-working-code-editor-chromium/error-context.md
]]>
</failure>
<system-out>
<![CDATA[
[[ATTACHMENT|../test-results/playground-Biome-js-Playgr-fcd2e-ld-have-working-code-editor-chromium/error-context.md]]
]]>
</system-out>
</testcase>
<testcase name="Biome.js Playground › should format code" classname="playground.spec.ts" time="30.114">
<failure message="playground.spec.ts:25:3 should format code" type="FAILURE">
<![CDATA[  [chromium] › playground.spec.ts:25:3 › Biome.js Playground › should format code ──────────────────

    Test timeout of 30000ms exceeded.

    Error: locator.click: Test timeout of 30000ms exceeded.
    Call log:
      - waiting for locator('.monaco-editor')


      31 |     // Find and clear the editor
      32 |     const editor = page.locator('.monaco-editor');
    > 33 |     await editor.click();
         |                  ^
      34 |     await page.keyboard.press('Control+A');
      35 |     await page.keyboard.press('Delete');
      36 |
        at /home/flob/work/biome-high-cpu/biome-high-cpu-6541/tests/playground.spec.ts:33:18

    Error Context: ../test-results/playground-Biome-js-Playground-should-format-code-chromium/error-context.md
]]>
</failure>
<system-out>
<![CDATA[
[[ATTACHMENT|../test-results/playground-Biome-js-Playground-should-format-code-chromium/error-context.md]]
]]>
</system-out>
</testcase>
<testcase name="Biome.js Playground › should show linting errors" classname="playground.spec.ts" time="30.138">
<failure message="playground.spec.ts:49:3 should show linting errors" type="FAILURE">
<![CDATA[  [chromium] › playground.spec.ts:49:3 › Biome.js Playground › should show linting errors ──────────

    Test timeout of 30000ms exceeded.

    Error: locator.click: Test timeout of 30000ms exceeded.
    Call log:
      - waiting for locator('.monaco-editor')


      53 |     // Clear and type new code
      54 |     const editor = page.locator('.monaco-editor');
    > 55 |     await editor.click();
         |                  ^
      56 |     await page.keyboard.press('Control+A');
      57 |     await page.keyboard.press('Delete');
      58 |     await page.keyboard.type(codeWithErrors);
        at /home/flob/work/biome-high-cpu/biome-high-cpu-6541/tests/playground.spec.ts:55:18

    Error Context: ../test-results/playground-Biome-js-Playground-should-show-linting-errors-chromium/error-context.md
]]>
</failure>
<system-out>
<![CDATA[
[[ATTACHMENT|../test-results/playground-Biome-js-Playground-should-show-linting-errors-chromium/error-context.md]]
]]>
</system-out>
</testcase>
<testcase name="Biome.js Playground › should have working configuration panel" classname="playground.spec.ts" time="30.19">
<failure message="playground.spec.ts:65:3 should have working configuration panel" type="FAILURE">
<![CDATA[  [chromium] › playground.spec.ts:65:3 › Biome.js Playground › should have working configuration panel 

    Test timeout of 30000ms exceeded.

    Error: locator.click: Test timeout of 30000ms exceeded.
    Call log:
      - waiting for getByRole('button', { name: /configuration/i })


      66 |     // Open configuration panel
      67 |     const configButton = page.getByRole('button', { name: /configuration/i });
    > 68 |     await configButton.click();
         |                        ^
      69 |
      70 |     // Verify configuration options are visible
      71 |     const configPanel = page.locator('.config-panel');
        at /home/flob/work/biome-high-cpu/biome-high-cpu-6541/tests/playground.spec.ts:68:24

    Error Context: ../test-results/playground-Biome-js-Playgr-0673f-working-configuration-panel-chromium/error-context.md
]]>
</failure>
<system-out>
<![CDATA[
[[ATTACHMENT|../test-results/playground-Biome-js-Playgr-0673f-working-configuration-panel-chromium/error-context.md]]
]]>
</system-out>
</testcase>
<testcase name="Biome.js Playground › should be able to share playground state" classname="playground.spec.ts" time="30.085">
<failure message="playground.spec.ts:82:3 should be able to share playground state" type="FAILURE">
<![CDATA[  [chromium] › playground.spec.ts:82:3 › Biome.js Playground › should be able to share playground state 

    Test timeout of 30000ms exceeded.

    Error: locator.click: Test timeout of 30000ms exceeded.
    Call log:
      - waiting for getByRole('button', { name: /share/i })


      83 |     // Click share button
      84 |     const shareButton = page.getByRole('button', { name: /share/i });
    > 85 |     await shareButton.click();
         |                       ^
      86 |
      87 |     // Verify share URL is generated
      88 |     const shareUrl = page.locator('.share-url');
        at /home/flob/work/biome-high-cpu/biome-high-cpu-6541/tests/playground.spec.ts:85:23

    Error Context: ../test-results/playground-Biome-js-Playgr-af588-e-to-share-playground-state-chromium/error-context.md
]]>
</failure>
<system-out>
<![CDATA[
[[ATTACHMENT|../test-results/playground-Biome-js-Playgr-af588-e-to-share-playground-state-chromium/error-context.md]]
]]>
</system-out>
</testcase>
<testcase name="Biome.js Playground › should handle different file types" classname="playground.spec.ts" time="30.09">
<failure message="playground.spec.ts:93:3 should handle different file types" type="FAILURE">
<![CDATA[  [chromium] › playground.spec.ts:93:3 › Biome.js Playground › should handle different file types ──

    Test timeout of 30000ms exceeded.

    Error: locator.selectOption: Test timeout of 30000ms exceeded.
    Call log:
      - waiting for locator('select.file-type-selector')


       98 |       // Select file type
       99 |       const fileTypeSelector = page.locator('select.file-type-selector');
    > 100 |       await fileTypeSelector.selectOption(fileType);
          |                              ^
      101 |
      102 |       // Verify editor updates accordingly
      103 |       const editor = page.locator('.monaco-editor');
        at /home/flob/work/biome-high-cpu/biome-high-cpu-6541/tests/playground.spec.ts:100:30

    Error Context: ../test-results/playground-Biome-js-Playgr-a2410-handle-different-file-types-chromium/error-context.md
]]>
</failure>
<system-out>
<![CDATA[
[[ATTACHMENT|../test-results/playground-Biome-js-Playgr-a2410-handle-different-file-types-chromium/error-context.md]]
]]>
</system-out>
</testcase>
<testcase name="Biome.js Playground › should persist editor state" classname="playground.spec.ts" time="30.179">
<failure message="playground.spec.ts:108:3 should persist editor state" type="FAILURE">
<![CDATA[  [chromium] › playground.spec.ts:108:3 › Biome.js Playground › should persist editor state ────────

    Test timeout of 30000ms exceeded.

    Error: locator.click: Test timeout of 30000ms exceeded.
    Call log:
      - waiting for locator('.monaco-editor')


      110 |     const testCode = 'const test = "persistence";';
      111 |     const editor = page.locator('.monaco-editor');
    > 112 |     await editor.click();
          |                  ^
      113 |     await page.keyboard.type(testCode);
      114 |
      115 |     // Reload the page
        at /home/flob/work/biome-high-cpu/biome-high-cpu-6541/tests/playground.spec.ts:112:18

    Error Context: ../test-results/playground-Biome-js-Playground-should-persist-editor-state-chromium/error-context.md
]]>
</failure>
<system-out>
<![CDATA[
[[ATTACHMENT|../test-results/playground-Biome-js-Playground-should-persist-editor-state-chromium/error-context.md]]
]]>
</system-out>
</testcase>
<testcase name="Biome.js Playground › should handle keyboard shortcuts" classname="playground.spec.ts" time="30.096">
<failure message="playground.spec.ts:123:3 should handle keyboard shortcuts" type="FAILURE">
<![CDATA[  [chromium] › playground.spec.ts:123:3 › Biome.js Playground › should handle keyboard shortcuts ───

    Test timeout of 30000ms exceeded.

    Error: locator.click: Test timeout of 30000ms exceeded.
    Call log:
      - waiting for locator('.monaco-editor')


      123 |   test('should handle keyboard shortcuts', async ({ page }) => {
      124 |     const editor = page.locator('.monaco-editor');
    > 125 |     await editor.click();
          |                  ^
      126 |
      127 |     // Test common shortcuts
      128 |     // Format
        at /home/flob/work/biome-high-cpu/biome-high-cpu-6541/tests/playground.spec.ts:125:18

    Error Context: ../test-results/playground-Biome-js-Playgr-988b7-d-handle-keyboard-shortcuts-chromium/error-context.md
]]>
</failure>
<system-out>
<![CDATA[
[[ATTACHMENT|../test-results/playground-Biome-js-Playgr-988b7-d-handle-keyboard-shortcuts-chromium/error-context.md]]
]]>
</system-out>
</testcase>
</testsuite>
<testsuite name="specific-validations.spec.ts" timestamp="2025-06-26T11:20:45.812Z" hostname="chromium" tests="15" failures="8" skipped="0" time="46.337" errors="0">
<testcase name="Biome.js Specific Validations › should have valid meta tags" classname="specific-validations.spec.ts" time="6.173">
<failure message="specific-validations.spec.ts:4:3 should have valid meta tags" type="FAILURE">
<![CDATA[  [chromium] › specific-validations.spec.ts:4:3 › Biome.js Specific Validations › should have valid meta tags 

    Error: Timed out 5000ms waiting for expect(locator).toBeVisible()

    Locator: locator('meta[charset]')
    Expected: visible
    Received: hidden
    Call log:
      - Expect "toBeVisible" with timeout 5000ms
      - waiting for locator('meta[charset]')
        9 × locator resolved to <meta charset="utf-8"/>
          - unexpected value "hidden"


       8 |     await expect(page.locator('meta[name="description"]')).toHaveAttribute('content');
       9 |     await expect(page.locator('meta[name="viewport"]')).toHaveAttribute('content');
    > 10 |     await expect(page.locator('meta[charset]')).toBeVisible();
         |                                                 ^
      11 |   });
      12 |
      13 |   test('should have valid Open Graph tags', async ({ page }) => {
        at /home/flob/work/biome-high-cpu/biome-high-cpu-6541/tests/specific-validations.spec.ts:10:49

    Error Context: ../test-results/specific-validations-Biome-d09ec-should-have-valid-meta-tags-chromium/error-context.md
]]>
</failure>
<system-out>
<![CDATA[
[[ATTACHMENT|../test-results/specific-validations-Biome-d09ec-should-have-valid-meta-tags-chromium/error-context.md]]
]]>
</system-out>
</testcase>
<testcase name="Biome.js Specific Validations › should have valid Open Graph tags" classname="specific-validations.spec.ts" time="1.198">
</testcase>
<testcase name="Biome.js Specific Validations › should load favicon" classname="specific-validations.spec.ts" time="6.031">
<failure message="specific-validations.spec.ts:21:3 should load favicon" type="FAILURE">
<![CDATA[  [chromium] › specific-validations.spec.ts:21:3 › Biome.js Specific Validations › should load favicon 

    Error: Timed out 5000ms waiting for expect(locator).toBeVisible()

    Locator: locator('link[rel="icon"]')
    Expected: visible
    Received: <element(s) not found>
    Call log:
      - Expect "toBeVisible" with timeout 5000ms
      - waiting for locator('link[rel="icon"]')


      23 |
      24 |     const favicon = page.locator('link[rel="icon"]');
    > 25 |     await expect(favicon).toBeVisible();
         |                           ^
      26 |     await expect(favicon).toHaveAttribute('href');
      27 |   });
      28 |
        at /home/flob/work/biome-high-cpu/biome-high-cpu-6541/tests/specific-validations.spec.ts:25:27

    Error Context: ../test-results/specific-validations-Biome-39e70-dations-should-load-favicon-chromium/error-context.md
]]>
</failure>
<system-out>
<![CDATA[
[[ATTACHMENT|../test-results/specific-validations-Biome-39e70-dations-should-load-favicon-chromium/error-context.md]]
]]>
</system-out>
</testcase>
<testcase name="Biome.js Specific Validations › should have valid canonical URLs" classname="specific-validations.spec.ts" time="7.5">
<failure message="specific-validations.spec.ts:29:3 should have valid canonical URLs" type="FAILURE">
<![CDATA[  [chromium] › specific-validations.spec.ts:29:3 › Biome.js Specific Validations › should have valid canonical URLs 

    Error: Timed out 5000ms waiting for expect(locator).toHaveAttribute(expected)

    Locator: locator('link[rel="canonical"]')
    Expected pattern: /https:\/\/biomejs.dev\/reference/
    Received string:  "https://biomejs.dev/404/"
    Call log:
      - Expect "toHaveAttribute" with timeout 5000ms
      - waiting for locator('link[rel="canonical"]')
        9 × locator resolved to <link rel="canonical" href="https://biomejs.dev/404/"/>
          - unexpected value "https://biomejs.dev/404/"


      33 |       await page.goto(`https://biomejs.dev${path}`);
      34 |       const canonical = page.locator('link[rel="canonical"]');
    > 35 |       await expect(canonical).toHaveAttribute('href', new RegExp(`https://biomejs.dev${path}`));
         |                               ^
      36 |     }
      37 |   });
      38 |
        at /home/flob/work/biome-high-cpu/biome-high-cpu-6541/tests/specific-validations.spec.ts:35:31

    Error Context: ../test-results/specific-validations-Biome-6cf16-d-have-valid-canonical-URLs-chromium/error-context.md
]]>
</failure>
<system-out>
<![CDATA[
[[ATTACHMENT|../test-results/specific-validations-Biome-6cf16-d-have-valid-canonical-URLs-chromium/error-context.md]]
]]>
</system-out>
</testcase>
<testcase name="Biome.js Specific Validations › should handle 404 page correctly" classname="specific-validations.spec.ts" time="6.227">
<failure message="specific-validations.spec.ts:39:3 should handle 404 page correctly" type="FAILURE">
<![CDATA[  [chromium] › specific-validations.spec.ts:39:3 › Biome.js Specific Validations › should handle 404 page correctly 

    Error: Timed out 5000ms waiting for expect(locator).toBeVisible()

    Locator: getByRole('link', { name: /home/i })
    Expected: visible
    Received: <element(s) not found>
    Call log:
      - Expect "toBeVisible" with timeout 5000ms
      - waiting for getByRole('link', { name: /home/i })


      45 |     // Check if there's a link back to home
      46 |     const homeLink = page.getByRole('link', { name: /home/i });
    > 47 |     await expect(homeLink).toBeVisible();
         |                            ^
      48 |   });
      49 |
      50 |   test('should have working language switcher if present', async ({ page }) => {
        at /home/flob/work/biome-high-cpu/biome-high-cpu-6541/tests/specific-validations.spec.ts:47:28

    Error Context: ../test-results/specific-validations-Biome-f4be8-d-handle-404-page-correctly-chromium/error-context.md
]]>
</failure>
<system-out>
<![CDATA[
[[ATTACHMENT|../test-results/specific-validations-Biome-f4be8-d-handle-404-page-correctly-chromium/error-context.md]]
]]>
</system-out>
</testcase>
<testcase name="Biome.js Specific Validations › should have working language switcher if present" classname="specific-validations.spec.ts" time="1.226">
</testcase>
<testcase name="Biome.js Specific Validations › should have valid RSS feed link" classname="specific-validations.spec.ts" time="0.937">
</testcase>
<testcase name="Biome.js Specific Validations › should load custom fonts" classname="specific-validations.spec.ts" time="6.075">
<failure message="specific-validations.spec.ts:69:3 should load custom fonts" type="FAILURE">
<![CDATA[  [chromium] › specific-validations.spec.ts:69:3 › Biome.js Specific Validations › should load custom fonts 

    Error: Timed out 5000ms waiting for expect(locator).toBeVisible()

    Locator: locator('link[rel="preload"][as="font"]')
    Expected: visible
    Received: <element(s) not found>
    Call log:
      - Expect "toBeVisible" with timeout 5000ms
      - waiting for locator('link[rel="preload"][as="font"]')


      71 |
      72 |     const fontLinks = page.locator('link[rel="preload"][as="font"]');
    > 73 |     await expect(fontLinks).toBeVisible();
         |                             ^
      74 |   });
      75 |
      76 |   test('should have valid manifest.json', async ({ request }) => {
        at /home/flob/work/biome-high-cpu/biome-high-cpu-6541/tests/specific-validations.spec.ts:73:29

    Error Context: ../test-results/specific-validations-Biome-b6367-ns-should-load-custom-fonts-chromium/error-context.md
]]>
</failure>
<system-out>
<![CDATA[
[[ATTACHMENT|../test-results/specific-validations-Biome-b6367-ns-should-load-custom-fonts-chromium/error-context.md]]
]]>
</system-out>
</testcase>
<testcase name="Biome.js Specific Validations › should have valid manifest.json" classname="specific-validations.spec.ts" time="0.691">
<failure message="specific-validations.spec.ts:76:3 should have valid manifest.json" type="FAILURE">
<![CDATA[  [chromium] › specific-validations.spec.ts:76:3 › Biome.js Specific Validations › should have valid manifest.json 

    Error: expect(received).toBeTruthy()

    Received: false

      76 |   test('should have valid manifest.json', async ({ request }) => {
      77 |     const response = await request.get('https://biomejs.dev/manifest.json');
    > 78 |     expect(response.ok()).toBeTruthy();
         |                           ^
      79 |
      80 |     const manifest = await response.json();
      81 |     expect(manifest).toHaveProperty('name');
        at /home/flob/work/biome-high-cpu/biome-high-cpu-6541/tests/specific-validations.spec.ts:78:27
]]>
</failure>
</testcase>
<testcase name="Biome.js Specific Validations › should have proper heading hierarchy" classname="specific-validations.spec.ts" time="1.662">
</testcase>
<testcase name="Biome.js Specific Validations › should have valid ARIA labels" classname="specific-validations.spec.ts" time="1.313">
</testcase>
<testcase name="Biome.js Specific Validations › should handle keyboard navigation" classname="specific-validations.spec.ts" time="1.982">
</testcase>
<testcase name="Biome.js Specific Validations › should have proper alt text for images" classname="specific-validations.spec.ts" time="1.377">
<failure message="specific-validations.spec.ts:126:3 should have proper alt text for images" type="FAILURE">
<![CDATA[  [chromium] › specific-validations.spec.ts:126:3 › Biome.js Specific Validations › should have proper alt text for images 

    Error: expect(received).toBeTruthy()

    Received: ""

      132 |     for (const img of imageElements) {
      133 |       const alt = await img.getAttribute('alt');
    > 134 |       expect(alt).toBeTruthy();
          |                   ^
      135 |       expect(alt?.length).toBeGreaterThan(0);
      136 |     }
      137 |   });
        at /home/flob/work/biome-high-cpu/biome-high-cpu-6541/tests/specific-validations.spec.ts:134:19

    Error Context: ../test-results/specific-validations-Biome-9dcb5--proper-alt-text-for-images-chromium/error-context.md
]]>
</failure>
<system-out>
<![CDATA[
[[ATTACHMENT|../test-results/specific-validations-Biome-9dcb5--proper-alt-text-for-images-chromium/error-context.md]]
]]>
</system-out>
</testcase>
<testcase name="Biome.js Specific Validations › should load required assets" classname="specific-validations.spec.ts" time="2.102">
<failure message="specific-validations.spec.ts:139:3 should load required assets" type="FAILURE">
<![CDATA[  [chromium] › specific-validations.spec.ts:139:3 › Biome.js Specific Validations › should load required assets 

    Error: expect.toBeVisible: Error: strict mode violation: locator('link[rel="stylesheet"]') resolved to 5 elements:
        1) <link media="print" rel="stylesheet" href="/_astro/print.BOqcyqY-.css"/> aka locator('link:nth-child(29)')
        2) <link rel="stylesheet" href="/_astro/Authors.C9Vc3qZ_.css"/> aka locator('link:nth-child(30)')
        3) <link rel="stylesheet" href="/_astro/ec.hsdfk.css"/> aka getByRole('main').locator('link').first()
        4) <link rel="stylesheet" href="/_astro/ec.hsdfk.css"/> aka getByRole('main').locator('link').nth(1)
        5) <link rel="stylesheet" href="/_astro/ec.hsdfk.css"/> aka getByRole('main').locator('link').nth(2)

    Call log:
      - Expect "toBeVisible" with timeout 5000ms
      - waiting for locator('link[rel="stylesheet"]')


      142 |     // Check CSS files
      143 |     const cssLinks = page.locator('link[rel="stylesheet"]');
    > 144 |     await expect(cssLinks).toBeVisible();
          |                            ^
      145 |
      146 |     // Check JavaScript files
      147 |     const scripts = page.locator('script[src]');
        at /home/flob/work/biome-high-cpu/biome-high-cpu-6541/tests/specific-validations.spec.ts:144:28

    Error Context: ../test-results/specific-validations-Biome-5a82d-should-load-required-assets-chromium/error-context.md
]]>
</failure>
<system-out>
<![CDATA[
[[ATTACHMENT|../test-results/specific-validations-Biome-5a82d-should-load-required-assets-chromium/error-context.md]]
]]>
</system-out>
</testcase>
<testcase name="Biome.js Specific Validations › should handle print styles" classname="specific-validations.spec.ts" time="1.843">
</testcase>
</testsuite>
<testsuite name="api.spec.ts" timestamp="2025-06-26T11:20:45.812Z" hostname="firefox" tests="10" failures="10" skipped="0" time="12.463" errors="0">
<testcase name="Biome.js API Integration › should successfully make API requests" classname="api.spec.ts" time="0.742">
<failure message="api.spec.ts:4:3 should successfully make API requests" type="FAILURE">
<![CDATA[  [firefox] › api.spec.ts:4:3 › Biome.js API Integration › should successfully make API requests ───

    Error: expect(received).toBeTruthy()

    Received: false

      4 |   test('should successfully make API requests', async ({ request }) => {
      5 |     const response = await request.get('https://biomejs.dev/api/health');
    > 6 |     expect(response.ok()).toBeTruthy();
        |                           ^
      7 |     expect(response.status()).toBe(200);
      8 |   });
      9 |
        at /home/flob/work/biome-high-cpu/biome-high-cpu-6541/tests/api.spec.ts:6:27
]]>
</failure>
</testcase>
<testcase name="Biome.js API Integration › should handle API documentation page" classname="api.spec.ts" time="7.636">
<failure message="api.spec.ts:10:3 should handle API documentation page" type="FAILURE">
<![CDATA[  [firefox] › api.spec.ts:10:3 › Biome.js API Integration › should handle API documentation page ───

    Error: Timed out 5000ms waiting for expect(page).toHaveTitle(expected)

    Locator: locator(':root')
    Expected pattern: /API/
    Received string:  "404 | Biome"
    Call log:
      - Expect "toHaveTitle" with timeout 5000ms
      - waiting for locator(':root')
        8 × locator resolved to <html lang="en" dir="ltr" data-has-hero="" data-theme="light" class="astro-zhibqghj">…</html>
          - unexpected value "404 | Biome"


      10 |   test('should handle API documentation page', async ({ page }) => {
      11 |     await page.goto('https://biomejs.dev/api');
    > 12 |     await expect(page).toHaveTitle(/API/);
         |                        ^
      13 |
      14 |     // Check for API documentation sections
      15 |     const apiSections = page.locator('.api-section');
        at /home/flob/work/biome-high-cpu/biome-high-cpu-6541/tests/api.spec.ts:12:24

    Error Context: ../test-results/api-Biome-js-API-Integrati-8e3ed-ndle-API-documentation-page-firefox/error-context.md
]]>
</failure>
<system-out>
<![CDATA[
[[ATTACHMENT|../test-results/api-Biome-js-API-Integrati-8e3ed-ndle-API-documentation-page-firefox/error-context.md]]
]]>
</system-out>
</testcase>
<testcase name="Biome.js API Integration › should handle API errors gracefully" classname="api.spec.ts" time="0.564">
[...]

    Error Context: ../test-results/playground-Biome-js-Playground-should-format-code-webkit/error-context.md
]]>
</failure>
<system-out>
<![CDATA[
[[ATTACHMENT|../test-results/playground-Biome-js-Playground-should-format-code-webkit/error-context.md]]
]]>
</system-out>
</testcase>
<testcase name="Biome.js Playground › should show linting errors" classname="playground.spec.ts" time="30.184">
<failure message="playground.spec.ts:49:3 should show linting errors" type="FAILURE">
<![CDATA[  [webkit] › playground.spec.ts:49:3 › Biome.js Playground › should show linting errors ────────────

    Test timeout of 30000ms exceeded.

    Error: locator.click: Test timeout of 30000ms exceeded.
    Call log:
      - waiting for locator('.monaco-editor')


      53 |     // Clear and type new code
      54 |     const editor = page.locator('.monaco-editor');
    > 55 |     await editor.click();
         |                  ^
      56 |     await page.keyboard.press('Control+A');
      57 |     await page.keyboard.press('Delete');
      58 |     await page.keyboard.type(codeWithErrors);
        at /home/flob/work/biome-high-cpu/biome-high-cpu-6541/tests/playground.spec.ts:55:18

    Error Context: ../test-results/playground-Biome-js-Playground-should-show-linting-errors-webkit/error-context.md
]]>
</failure>
<system-out>
<![CDATA[
[[ATTACHMENT|../test-results/playground-Biome-js-Playground-should-show-linting-errors-webkit/error-context.md]]
]]>
</system-out>
</testcase>
<testcase name="Biome.js Playground › should have working configuration panel" classname="playground.spec.ts" time="30.098">
<failure message="playground.spec.ts:65:3 should have working configuration panel" type="FAILURE">
<![CDATA[  [webkit] › playground.spec.ts:65:3 › Biome.js Playground › should have working configuration panel 

    Test timeout of 30000ms exceeded.

    Error: locator.click: Test timeout of 30000ms exceeded.
    Call log:
      - waiting for getByRole('button', { name: /configuration/i })


      66 |     // Open configuration panel
      67 |     const configButton = page.getByRole('button', { name: /configuration/i });
    > 68 |     await configButton.click();
         |                        ^
      69 |
      70 |     // Verify configuration options are visible
      71 |     const configPanel = page.locator('.config-panel');
        at /home/flob/work/biome-high-cpu/biome-high-cpu-6541/tests/playground.spec.ts:68:24

    Error Context: ../test-results/playground-Biome-js-Playgr-0673f-working-configuration-panel-webkit/error-context.md
]]>
</failure>
<system-out>
<![CDATA[
[[ATTACHMENT|../test-results/playground-Biome-js-Playgr-0673f-working-configuration-panel-webkit/error-context.md]]
]]>
</system-out>
</testcase>
<testcase name="Biome.js Playground › should be able to share playground state" classname="playground.spec.ts" time="30.124">
<failure message="playground.spec.ts:82:3 should be able to share playground state" type="FAILURE">
<![CDATA[  [webkit] › playground.spec.ts:82:3 › Biome.js Playground › should be able to share playground state 

    Test timeout of 30000ms exceeded.

    Error: locator.click: Test timeout of 30000ms exceeded.
    Call log:
      - waiting for getByRole('button', { name: /share/i })


      83 |     // Click share button
      84 |     const shareButton = page.getByRole('button', { name: /share/i });
    > 85 |     await shareButton.click();
         |                       ^
      86 |
      87 |     // Verify share URL is generated
      88 |     const shareUrl = page.locator('.share-url');
        at /home/flob/work/biome-high-cpu/biome-high-cpu-6541/tests/playground.spec.ts:85:23

    Error Context: ../test-results/playground-Biome-js-Playgr-af588-e-to-share-playground-state-webkit/error-context.md
]]>
</failure>
<system-out>
<![CDATA[
[[ATTACHMENT|../test-results/playground-Biome-js-Playgr-af588-e-to-share-playground-state-webkit/error-context.md]]
]]>
</system-out>
</testcase>
<testcase name="Biome.js Playground › should handle different file types" classname="playground.spec.ts" time="30.14">
<failure message="playground.spec.ts:93:3 should handle different file types" type="FAILURE">
<![CDATA[  [webkit] › playground.spec.ts:93:3 › Biome.js Playground › should handle different file types ────

    Test timeout of 30000ms exceeded.

    Error: locator.selectOption: Test timeout of 30000ms exceeded.
    Call log:
      - waiting for locator('select.file-type-selector')


       98 |       // Select file type
       99 |       const fileTypeSelector = page.locator('select.file-type-selector');
    > 100 |       await fileTypeSelector.selectOption(fileType);
          |                              ^
      101 |
      102 |       // Verify editor updates accordingly
      103 |       const editor = page.locator('.monaco-editor');
        at /home/flob/work/biome-high-cpu/biome-high-cpu-6541/tests/playground.spec.ts:100:30

    Error Context: ../test-results/playground-Biome-js-Playgr-a2410-handle-different-file-types-webkit/error-context.md
]]>
</failure>
<system-out>
<![CDATA[
[[ATTACHMENT|../test-results/playground-Biome-js-Playgr-a2410-handle-different-file-types-webkit/error-context.md]]
]]>
</system-out>
</testcase>
<testcase name="Biome.js Playground › should persist editor state" classname="playground.spec.ts" time="30.197">
<failure message="playground.spec.ts:108:3 should persist editor state" type="FAILURE">
<![CDATA[  [webkit] › playground.spec.ts:108:3 › Biome.js Playground › should persist editor state ──────────

    Test timeout of 30000ms exceeded.

    Error: locator.click: Test timeout of 30000ms exceeded.
    Call log:
      - waiting for locator('.monaco-editor')


      110 |     const testCode = 'const test = "persistence";';
      111 |     const editor = page.locator('.monaco-editor');
    > 112 |     await editor.click();
          |                  ^
      113 |     await page.keyboard.type(testCode);
      114 |
      115 |     // Reload the page
        at /home/flob/work/biome-high-cpu/biome-high-cpu-6541/tests/playground.spec.ts:112:18

    Error Context: ../test-results/playground-Biome-js-Playground-should-persist-editor-state-webkit/error-context.md
]]>
</failure>
<system-out>
<![CDATA[
[[ATTACHMENT|../test-results/playground-Biome-js-Playground-should-persist-editor-state-webkit/error-context.md]]
]]>
</system-out>
</testcase>
<testcase name="Biome.js Playground › should handle keyboard shortcuts" classname="playground.spec.ts" time="30.162">
<failure message="playground.spec.ts:123:3 should handle keyboard shortcuts" type="FAILURE">
<![CDATA[  [webkit] › playground.spec.ts:123:3 › Biome.js Playground › should handle keyboard shortcuts ─────

    Test timeout of 30000ms exceeded.

    Error: locator.click: Test timeout of 30000ms exceeded.
    Call log:
      - waiting for locator('.monaco-editor')


      123 |   test('should handle keyboard shortcuts', async ({ page }) => {
      124 |     const editor = page.locator('.monaco-editor');
    > 125 |     await editor.click();
          |                  ^
      126 |
      127 |     // Test common shortcuts
      128 |     // Format
        at /home/flob/work/biome-high-cpu/biome-high-cpu-6541/tests/playground.spec.ts:125:18

    Error Context: ../test-results/playground-Biome-js-Playgr-988b7-d-handle-keyboard-shortcuts-webkit/error-context.md
]]>
</failure>
<system-out>
<![CDATA[
[[ATTACHMENT|../test-results/playground-Biome-js-Playgr-988b7-d-handle-keyboard-shortcuts-webkit/error-context.md]]
]]>
</system-out>
</testcase>
</testsuite>
<testsuite name="specific-validations.spec.ts" timestamp="2025-06-26T11:20:45.812Z" hostname="webkit" tests="15" failures="8" skipped="0" time="83.356" errors="0">
<testcase name="Biome.js Specific Validations › should have valid meta tags" classname="specific-validations.spec.ts" time="9.274">
<failure message="specific-validations.spec.ts:4:3 should have valid meta tags" type="FAILURE">
<![CDATA[  [webkit] › specific-validations.spec.ts:4:3 › Biome.js Specific Validations › should have valid meta tags 

    Error: Timed out 5000ms waiting for expect(locator).toBeVisible()

    Locator: locator('meta[charset]')
    Expected: visible
    Received: hidden
    Call log:
      - Expect "toBeVisible" with timeout 5000ms
      - waiting for locator('meta[charset]')
        9 × locator resolved to <meta charset="utf-8"/>
          - unexpected value "hidden"


       8 |     await expect(page.locator('meta[name="description"]')).toHaveAttribute('content');
       9 |     await expect(page.locator('meta[name="viewport"]')).toHaveAttribute('content');
    > 10 |     await expect(page.locator('meta[charset]')).toBeVisible();
         |                                                 ^
      11 |   });
      12 |
      13 |   test('should have valid Open Graph tags', async ({ page }) => {
        at /home/flob/work/biome-high-cpu/biome-high-cpu-6541/tests/specific-validations.spec.ts:10:49

    Error Context: ../test-results/specific-validations-Biome-d09ec-should-have-valid-meta-tags-webkit/error-context.md
]]>
</failure>
<system-out>
<![CDATA[
[[ATTACHMENT|../test-results/specific-validations-Biome-d09ec-should-have-valid-meta-tags-webkit/error-context.md]]
]]>
</system-out>
</testcase>
<testcase name="Biome.js Specific Validations › should have valid Open Graph tags" classname="specific-validations.spec.ts" time="4.224">
</testcase>
<testcase name="Biome.js Specific Validations › should load favicon" classname="specific-validations.spec.ts" time="9.008">
<failure message="specific-validations.spec.ts:21:3 should load favicon" type="FAILURE">
<![CDATA[  [webkit] › specific-validations.spec.ts:21:3 › Biome.js Specific Validations › should load favicon 

    Error: Timed out 5000ms waiting for expect(locator).toBeVisible()

    Locator: locator('link[rel="icon"]')
    Expected: visible
    Received: <element(s) not found>
    Call log:
      - Expect "toBeVisible" with timeout 5000ms
      - waiting for locator('link[rel="icon"]')


      23 |
      24 |     const favicon = page.locator('link[rel="icon"]');
    > 25 |     await expect(favicon).toBeVisible();
         |                           ^
      26 |     await expect(favicon).toHaveAttribute('href');
      27 |   });
      28 |
        at /home/flob/work/biome-high-cpu/biome-high-cpu-6541/tests/specific-validations.spec.ts:25:27

    Error Context: ../test-results/specific-validations-Biome-39e70-dations-should-load-favicon-webkit/error-context.md
]]>
</failure>
<system-out>
<![CDATA[
[[ATTACHMENT|../test-results/specific-validations-Biome-39e70-dations-should-load-favicon-webkit/error-context.md]]
]]>
</system-out>
</testcase>
<testcase name="Biome.js Specific Validations › should have valid canonical URLs" classname="specific-validations.spec.ts" time="10.921">
<failure message="specific-validations.spec.ts:29:3 should have valid canonical URLs" type="FAILURE">
<![CDATA[  [webkit] › specific-validations.spec.ts:29:3 › Biome.js Specific Validations › should have valid canonical URLs 

    Error: Timed out 5000ms waiting for expect(locator).toHaveAttribute(expected)

    Locator: locator('link[rel="canonical"]')
    Expected pattern: /https:\/\/biomejs.dev\/reference/
    Received string:  "https://biomejs.dev/404/"
    Call log:
      - Expect "toHaveAttribute" with timeout 5000ms
      - waiting for locator('link[rel="canonical"]')
        9 × locator resolved to <link rel="canonical" href="https://biomejs.dev/404/"/>
          - unexpected value "https://biomejs.dev/404/"


      33 |       await page.goto(`https://biomejs.dev${path}`);
      34 |       const canonical = page.locator('link[rel="canonical"]');
    > 35 |       await expect(canonical).toHaveAttribute('href', new RegExp(`https://biomejs.dev${path}`));
         |                               ^
      36 |     }
      37 |   });
      38 |
        at /home/flob/work/biome-high-cpu/biome-high-cpu-6541/tests/specific-validations.spec.ts:35:31

    Error Context: ../test-results/specific-validations-Biome-6cf16-d-have-valid-canonical-URLs-webkit/error-context.md
]]>
</failure>
<system-out>
<![CDATA[
[[ATTACHMENT|../test-results/specific-validations-Biome-6cf16-d-have-valid-canonical-URLs-webkit/error-context.md]]
]]>
</system-out>
</testcase>
<testcase name="Biome.js Specific Validations › should handle 404 page correctly" classname="specific-validations.spec.ts" time="6.851">
<failure message="specific-validations.spec.ts:39:3 should handle 404 page correctly" type="FAILURE">
<![CDATA[  [webkit] › specific-validations.spec.ts:39:3 › Biome.js Specific Validations › should handle 404 page correctly 

    Error: Timed out 5000ms waiting for expect(locator).toBeVisible()

    Locator: getByRole('link', { name: /home/i })
    Expected: visible
    Received: <element(s) not found>
    Call log:
      - Expect "toBeVisible" with timeout 5000ms
      - waiting for getByRole('link', { name: /home/i })


      45 |     // Check if there's a link back to home
      46 |     const homeLink = page.getByRole('link', { name: /home/i });
    > 47 |     await expect(homeLink).toBeVisible();
         |                            ^
      48 |   });
      49 |
      50 |   test('should have working language switcher if present', async ({ page }) => {
        at /home/flob/work/biome-high-cpu/biome-high-cpu-6541/tests/specific-validations.spec.ts:47:28

    Error Context: ../test-results/specific-validations-Biome-f4be8-d-handle-404-page-correctly-webkit/error-context.md
]]>
</failure>
<system-out>
<![CDATA[
[[ATTACHMENT|../test-results/specific-validations-Biome-f4be8-d-handle-404-page-correctly-webkit/error-context.md]]
]]>
</system-out>
</testcase>
<testcase name="Biome.js Specific Validations › should have working language switcher if present" classname="specific-validations.spec.ts" time="5.19">
</testcase>
<testcase name="Biome.js Specific Validations › should have valid RSS feed link" classname="specific-validations.spec.ts" time="2.169">
</testcase>
<testcase name="Biome.js Specific Validations › should load custom fonts" classname="specific-validations.spec.ts" time="9.802">
<failure message="specific-validations.spec.ts:69:3 should load custom fonts" type="FAILURE">
<![CDATA[  [webkit] › specific-validations.spec.ts:69:3 › Biome.js Specific Validations › should load custom fonts 

    Error: Timed out 5000ms waiting for expect(locator).toBeVisible()

    Locator: locator('link[rel="preload"][as="font"]')
    Expected: visible
    Received: <element(s) not found>
    Call log:
      - Expect "toBeVisible" with timeout 5000ms
      - waiting for locator('link[rel="preload"][as="font"]')


      71 |
      72 |     const fontLinks = page.locator('link[rel="preload"][as="font"]');
    > 73 |     await expect(fontLinks).toBeVisible();
         |                             ^
      74 |   });
      75 |
      76 |   test('should have valid manifest.json', async ({ request }) => {
        at /home/flob/work/biome-high-cpu/biome-high-cpu-6541/tests/specific-validations.spec.ts:73:29

    Error Context: ../test-results/specific-validations-Biome-b6367-ns-should-load-custom-fonts-webkit/error-context.md
]]>
</failure>
<system-out>
<![CDATA[
[[ATTACHMENT|../test-results/specific-validations-Biome-b6367-ns-should-load-custom-fonts-webkit/error-context.md]]
]]>
</system-out>
</testcase>
<testcase name="Biome.js Specific Validations › should have valid manifest.json" classname="specific-validations.spec.ts" time="0.533">
<failure message="specific-validations.spec.ts:76:3 should have valid manifest.json" type="FAILURE">
<![CDATA[  [webkit] › specific-validations.spec.ts:76:3 › Biome.js Specific Validations › should have valid manifest.json 

    Error: expect(received).toBeTruthy()

    Received: false

      76 |   test('should have valid manifest.json', async ({ request }) => {
      77 |     const response = await request.get('https://biomejs.dev/manifest.json');
    > 78 |     expect(response.ok()).toBeTruthy();
         |                           ^
      79 |
      80 |     const manifest = await response.json();
      81 |     expect(manifest).toHaveProperty('name');
        at /home/flob/work/biome-high-cpu/biome-high-cpu-6541/tests/specific-validations.spec.ts:78:27
]]>
</failure>
</testcase>
<testcase name="Biome.js Specific Validations › should have proper heading hierarchy" classname="specific-validations.spec.ts" time="4.408">
</testcase>
<testcase name="Biome.js Specific Validations › should have valid ARIA labels" classname="specific-validations.spec.ts" time="4.298">
</testcase>
<testcase name="Biome.js Specific Validations › should handle keyboard navigation" classname="specific-validations.spec.ts" time="4.298">
</testcase>
<testcase name="Biome.js Specific Validations › should have proper alt text for images" classname="specific-validations.spec.ts" time="4.218">
<failure message="specific-validations.spec.ts:126:3 should have proper alt text for images" type="FAILURE">
<![CDATA[  [webkit] › specific-validations.spec.ts:126:3 › Biome.js Specific Validations › should have proper alt text for images 

    Error: expect(received).toBeTruthy()

    Received: ""

      132 |     for (const img of imageElements) {
      133 |       const alt = await img.getAttribute('alt');
    > 134 |       expect(alt).toBeTruthy();
          |                   ^
      135 |       expect(alt?.length).toBeGreaterThan(0);
      136 |     }
      137 |   });
        at /home/flob/work/biome-high-cpu/biome-high-cpu-6541/tests/specific-validations.spec.ts:134:19

    Error Context: ../test-results/specific-validations-Biome-9dcb5--proper-alt-text-for-images-webkit/error-context.md
]]>
</failure>
<system-out>
<![CDATA[
[[ATTACHMENT|../test-results/specific-validations-Biome-9dcb5--proper-alt-text-for-images-webkit/error-context.md]]
]]>
</system-out>
</testcase>
<testcase name="Biome.js Specific Validations › should load required assets" classname="specific-validations.spec.ts" time="4.696">
<failure message="specific-validations.spec.ts:139:3 should load required assets" type="FAILURE">
<![CDATA[  [webkit] › specific-validations.spec.ts:139:3 › Biome.js Specific Validations › should load required assets 

    Error: expect.toBeVisible: Error: strict mode violation: locator('link[rel="stylesheet"]') resolved to 5 elements:
        1) <link media="print" rel="stylesheet" href="/_astro/print.BOqcyqY-.css"/> aka locator('link:nth-child(29)')
        2) <link rel="stylesheet" href="/_astro/Authors.C9Vc3qZ_.css"/> aka locator('link:nth-child(30)')
        3) <link rel="stylesheet" href="/_astro/ec.hsdfk.css"/> aka getByRole('main').locator('link').first()
        4) <link rel="stylesheet" href="/_astro/ec.hsdfk.css"/> aka getByRole('main').locator('link').nth(1)
        5) <link rel="stylesheet" href="/_astro/ec.hsdfk.css"/> aka getByRole('main').locator('link').nth(2)

    Call log:
      - Expect "toBeVisible" with timeout 5000ms
      - waiting for locator('link[rel="stylesheet"]')


      142 |     // Check CSS files
      143 |     const cssLinks = page.locator('link[rel="stylesheet"]');
    > 144 |     await expect(cssLinks).toBeVisible();
          |                            ^
      145 |
      146 |     // Check JavaScript files
      147 |     const scripts = page.locator('script[src]');
        at /home/flob/work/biome-high-cpu/biome-high-cpu-6541/tests/specific-validations.spec.ts:144:28

    Error Context: ../test-results/specific-validations-Biome-5a82d-should-load-required-assets-webkit/error-context.md
]]>
</failure>
<system-out>
<![CDATA[
[[ATTACHMENT|../test-results/specific-validations-Biome-5a82d-should-load-required-assets-webkit/error-context.md]]
]]>
</system-out>
</testcase>
<testcase name="Biome.js Specific Validations › should handle print styles" classname="specific-validations.spec.ts" time="3.466">
</testcase>
</testsuite>
</testsuites>