<testsuites id="" name="" tests="255" failures="164" skipped="0" errors="0" time="600.607301">
<testsuite name="api.spec.ts" timestamp="2025-06-26T12:39:53.779Z" hostname="chromium" tests="10" failures="10" skipped="0" time="30.718" errors="0">
<testcase name="Biome.js API Integration › should successfully make API requests" classname="api.spec.ts" time="1.144">
<failure message="api.spec.ts:4:3 should successfully make API requests" type="FAILURE">
<![CDATA[  [chromium] › api.spec.ts:4:3 › Biome.js API Integration › should successfully make API requests ──

    Error: expect(received).toBeTruthy()

    Received: false

      4 |   test("should successfully make API requests", async ({ request }) => {
      5 |     const response = await request.get("https://biomejs.dev/api/health");
    > 6 |     expect(response.ok()).toBeTruthy();
        |                           ^
      7 |     expect(response.status()).toBe(200);
      8 |   });
      9 |
        at /home/flob/work/biome-high-cpu/biome-high-cpu-6541/tests/api.spec.ts:6:27

    Retry #1 ───────────────────────────────────────────────────────────────────────────────────────

    Error: expect(received).toBeTruthy()

    Received: false

      4 |   test("should successfully make API requests", async ({ request }) => {
      5 |     const response = await request.get("https://biomejs.dev/api/health");
    > 6 |     expect(response.ok()).toBeTruthy();
        |                           ^
      7 |     expect(response.status()).toBe(200);
      8 |   });
      9 |
        at /home/flob/work/biome-high-cpu/biome-high-cpu-6541/tests/api.spec.ts:6:27

    attachment #1: trace (application/zip) ─────────────────────────────────────────────────────────
    test-results/api-Biome-js-API-Integrati-f7a2c-cessfully-make-API-requests-chromium-retry1/trace.zip
    Usage:

        npx playwright show-trace test-results/api-Biome-js-API-Integrati-f7a2c-cessfully-make-API-requests-chromium-retry1/trace.zip

    ────────────────────────────────────────────────────────────────────────────────────────────────

    Retry #2 ───────────────────────────────────────────────────────────────────────────────────────

    Error: expect(received).toBeTruthy()

    Received: false

      4 |   test("should successfully make API requests", async ({ request }) => {
      5 |     const response = await request.get("https://biomejs.dev/api/health");
    > 6 |     expect(response.ok()).toBeTruthy();
        |                           ^
      7 |     expect(response.status()).toBe(200);
      8 |   });
      9 |
        at /home/flob/work/biome-high-cpu/biome-high-cpu-6541/tests/api.spec.ts:6:27
]]>
</failure>
<system-out>
<![CDATA[
[[ATTACHMENT|../test-results/api-Biome-js-API-Integrati-f7a2c-cessfully-make-API-requests-chromium-retry1/trace.zip]]
]]>
</system-out>
</testcase>
<testcase name="Biome.js API Integration › should handle API documentation page" classname="api.spec.ts" time="17.799">
<failure message="api.spec.ts:10:3 should handle API documentation page" type="FAILURE">
<![CDATA[  [chromium] › api.spec.ts:10:3 › Biome.js API Integration › should handle API documentation page ──

    Error: Timed out 5000ms waiting for expect(page).toHaveTitle(expected)

    Locator: locator(':root')
    Expected pattern: /API/
    Received string:  "404 | Biome"
    Call log:
      - Expect "toHaveTitle" with timeout 5000ms
      - waiting for locator(':root')
        9 × locator resolved to <html lang="en" dir="ltr" data-has-hero="" data-theme="light" class="astro-zhibqghj">…</html>
          - unexpected value "404 | Biome"


      10 |   test("should handle API documentation page", async ({ page }) => {
      11 |     await page.goto("https://biomejs.dev/api");
    > 12 |     await expect(page).toHaveTitle(/API/);
         |                        ^
      13 |
      14 |     // Check for API documentation sections
      15 |     const apiSections = page.locator(".api-section");
        at /home/flob/work/biome-high-cpu/biome-high-cpu-6541/tests/api.spec.ts:12:24

    Error Context: ../test-results/api-Biome-js-API-Integrati-8e3ed-ndle-API-documentation-page-chromium/error-context.md

    Retry #1 ───────────────────────────────────────────────────────────────────────────────────────

    Error: Timed out 5000ms waiting for expect(page).toHaveTitle(expected)

    Locator: locator(':root')
    Expected pattern: /API/
    Received string:  "404 | Biome"
    Call log:
      - Expect "toHaveTitle" with timeout 5000ms
      - waiting for locator(':root')
        9 × locator resolved to <html lang="en" dir="ltr" data-has-hero="" data-theme="light" class="astro-zhibqghj">…</html>
          - unexpected value "404 | Biome"


      10 |   test("should handle API documentation page", async ({ page }) => {
      11 |     await page.goto("https://biomejs.dev/api");
    > 12 |     await expect(page).toHaveTitle(/API/);
         |                        ^
      13 |
      14 |     // Check for API documentation sections
      15 |     const apiSections = page.locator(".api-section");
        at /home/flob/work/biome-high-cpu/biome-high-cpu-6541/tests/api.spec.ts:12:24

    Error Context: ../test-results/api-Biome-js-API-Integrati-8e3ed-ndle-API-documentation-page-chromium-retry1/error-context.md

    attachment #2: trace (application/zip) ─────────────────────────────────────────────────────────
    test-results/api-Biome-js-API-Integrati-8e3ed-ndle-API-documentation-page-chromium-retry1/trace.zip
    Usage:

        npx playwright show-trace test-results/api-Biome-js-API-Integrati-8e3ed-ndle-API-documentation-page-chromium-retry1/trace.zip

    ────────────────────────────────────────────────────────────────────────────────────────────────

    Retry #2 ───────────────────────────────────────────────────────────────────────────────────────

    Error: Timed out 5000ms waiting for expect(page).toHaveTitle(expected)

    Locator: locator(':root')
    Expected pattern: /API/
    Received string:  "404 | Biome"
    Call log:
      - Expect "toHaveTitle" with timeout 5000ms
      - waiting for locator(':root')
        9 × locator resolved to <html lang="en" dir="ltr" data-has-hero="" data-theme="light" class="astro-zhibqghj">…</html>
          - unexpected value "404 | Biome"


      10 |   test("should handle API documentation page", async ({ page }) => {
      11 |     await page.goto("https://biomejs.dev/api");
    > 12 |     await expect(page).toHaveTitle(/API/);
         |                        ^
      13 |
      14 |     // Check for API documentation sections
      15 |     const apiSections = page.locator(".api-section");
        at /home/flob/work/biome-high-cpu/biome-high-cpu-6541/tests/api.spec.ts:12:24

    Error Context: ../test-results/api-Biome-js-API-Integrati-8e3ed-ndle-API-documentation-page-chromium-retry2/error-context.md
]]>
</failure>
<system-out>
<![CDATA[
[[ATTACHMENT|../test-results/api-Biome-js-API-Integrati-8e3ed-ndle-API-documentation-page-chromium/error-context.md]]

[[ATTACHMENT|../test-results/api-Biome-js-API-Integrati-8e3ed-ndle-API-documentation-page-chromium-retry1/error-context.md]]

[[ATTACHMENT|../test-results/api-Biome-js-API-Integrati-8e3ed-ndle-API-documentation-page-chromium-retry1/trace.zip]]

[[ATTACHMENT|../test-results/api-Biome-js-API-Integrati-8e3ed-ndle-API-documentation-page-chromium-retry2/error-context.md]]
]]>
</system-out>
</testcase>
<testcase name="Biome.js API Integration › should handle API errors gracefully" classname="api.spec.ts" time="1.863">
<failure message="api.spec.ts:23:3 should handle API errors gracefully" type="FAILURE">
<![CDATA[  [chromium] › api.spec.ts:23:3 › Biome.js API Integration › should handle API errors gracefully ───

    SyntaxError: Unexpected token '<', "<!DOCTYPE "... is not valid JSON

      25 |     expect(response.status()).toBe(404);
      26 |
    > 27 |     const errorData = await response.json();
         |                       ^
      28 |     expect(errorData).toHaveProperty("error");
      29 |   });
      30 |
        at /home/flob/work/biome-high-cpu/biome-high-cpu-6541/tests/api.spec.ts:27:23

    Retry #1 ───────────────────────────────────────────────────────────────────────────────────────

    SyntaxError: Unexpected token '<', "<!DOCTYPE "... is not valid JSON

      25 |     expect(response.status()).toBe(404);
      26 |
    > 27 |     const errorData = await response.json();
         |                       ^
      28 |     expect(errorData).toHaveProperty("error");
      29 |   });
      30 |
        at /home/flob/work/biome-high-cpu/biome-high-cpu-6541/tests/api.spec.ts:27:23

    attachment #1: trace (application/zip) ─────────────────────────────────────────────────────────
    test-results/api-Biome-js-API-Integrati-3f9cd-andle-API-errors-gracefully-chromium-retry1/trace.zip
    Usage:

        npx playwright show-trace test-results/api-Biome-js-API-Integrati-3f9cd-andle-API-errors-gracefully-chromium-retry1/trace.zip

    ────────────────────────────────────────────────────────────────────────────────────────────────

    Retry #2 ───────────────────────────────────────────────────────────────────────────────────────

    SyntaxError: Unexpected token '<', "<!DOCTYPE "... is not valid JSON

      25 |     expect(response.status()).toBe(404);
      26 |
    > 27 |     const errorData = await response.json();
         |                       ^
      28 |     expect(errorData).toHaveProperty("error");
      29 |   });
      30 |
        at /home/flob/work/biome-high-cpu/biome-high-cpu-6541/tests/api.spec.ts:27:23
]]>
</failure>
<system-out>
<![CDATA[
[[ATTACHMENT|../test-results/api-Biome-js-API-Integrati-3f9cd-andle-API-errors-gracefully-chromium-retry1/trace.zip]]
]]>
</system-out>
</testcase>
<testcase name="Biome.js API Integration › should validate API response schema" classname="api.spec.ts" time="1.353">
<failure message="api.spec.ts:31:3 should validate API response schema" type="FAILURE">
<![CDATA[  [chromium] › api.spec.ts:31:3 › Biome.js API Integration › should validate API response schema ───

    Error: expect(received).toBeTruthy()

    Received: false

      31 |   test("should validate API response schema", async ({ request }) => {
      32 |     const response = await request.get("https://biomejs.dev/api/version");
    > 33 |     expect(response.ok()).toBeTruthy();
         |                           ^
      34 |
      35 |     const data = await response.json();
      36 |     expect(data).toHaveProperty("version");
        at /home/flob/work/biome-high-cpu/biome-high-cpu-6541/tests/api.spec.ts:33:27

    Retry #1 ───────────────────────────────────────────────────────────────────────────────────────

    Error: expect(received).toBeTruthy()

    Received: false

      31 |   test("should validate API response schema", async ({ request }) => {
      32 |     const response = await request.get("https://biomejs.dev/api/version");
    > 33 |     expect(response.ok()).toBeTruthy();
         |                           ^
      34 |
      35 |     const data = await response.json();
      36 |     expect(data).toHaveProperty("version");
        at /home/flob/work/biome-high-cpu/biome-high-cpu-6541/tests/api.spec.ts:33:27

    attachment #1: trace (application/zip) ─────────────────────────────────────────────────────────
    test-results/api-Biome-js-API-Integrati-7d21e-alidate-API-response-schema-chromium-retry1/trace.zip
    Usage:

        npx playwright show-trace test-results/api-Biome-js-API-Integrati-7d21e-alidate-API-response-schema-chromium-retry1/trace.zip

    ────────────────────────────────────────────────────────────────────────────────────────────────

    Retry #2 ───────────────────────────────────────────────────────────────────────────────────────

    Error: expect(received).toBeTruthy()

    Received: false

      31 |   test("should validate API response schema", async ({ request }) => {
      32 |     const response = await request.get("https://biomejs.dev/api/version");
    > 33 |     expect(response.ok()).toBeTruthy();
         |                           ^
      34 |
      35 |     const data = await response.json();
      36 |     expect(data).toHaveProperty("version");
        at /home/flob/work/biome-high-cpu/biome-high-cpu-6541/tests/api.spec.ts:33:27
]]>
</failure>
<system-out>
<![CDATA[
[[ATTACHMENT|../test-results/api-Biome-js-API-Integrati-7d21e-alidate-API-response-schema-chromium-retry1/trace.zip]]
]]>
</system-out>
</testcase>
<testcase name="Biome.js API Integration › should handle rate limiting" classname="api.spec.ts" time="1.637">
<failure message="api.spec.ts:40:3 should handle rate limiting" type="FAILURE">
<![CDATA[  [chromium] › api.spec.ts:40:3 › Biome.js API Integration › should handle rate limiting ───────────

    Error: expect(received).toBeDefined()

    Received: undefined

      48 |     // Check if rate limiting headers are present
      49 |     const lastResponse = responses[responses.length - 1];
    > 50 |     expect(lastResponse.headers()["x-ratelimit-remaining"]).toBeDefined();
         |                                                             ^
      51 |   });
      52 |
      53 |   test("should handle large payloads", async ({ request }) => {
        at /home/flob/work/biome-high-cpu/biome-high-cpu-6541/tests/api.spec.ts:50:61

    Retry #1 ───────────────────────────────────────────────────────────────────────────────────────

    Error: expect(received).toBeDefined()

    Received: undefined

      48 |     // Check if rate limiting headers are present
      49 |     const lastResponse = responses[responses.length - 1];
    > 50 |     expect(lastResponse.headers()["x-ratelimit-remaining"]).toBeDefined();
         |                                                             ^
      51 |   });
      52 |
      53 |   test("should handle large payloads", async ({ request }) => {
        at /home/flob/work/biome-high-cpu/biome-high-cpu-6541/tests/api.spec.ts:50:61

    attachment #1: trace (application/zip) ─────────────────────────────────────────────────────────
    test-results/api-Biome-js-API-Integration-should-handle-rate-limiting-chromium-retry1/trace.zip
    Usage:

        npx playwright show-trace test-results/api-Biome-js-API-Integration-should-handle-rate-limiting-chromium-retry1/trace.zip

    ────────────────────────────────────────────────────────────────────────────────────────────────

    Retry #2 ───────────────────────────────────────────────────────────────────────────────────────

    Error: expect(received).toBeDefined()

    Received: undefined

      48 |     // Check if rate limiting headers are present
      49 |     const lastResponse = responses[responses.length - 1];
    > 50 |     expect(lastResponse.headers()["x-ratelimit-remaining"]).toBeDefined();
         |                                                             ^
      51 |   });
      52 |
      53 |   test("should handle large payloads", async ({ request }) => {
        at /home/flob/work/biome-high-cpu/biome-high-cpu-6541/tests/api.spec.ts:50:61
]]>
</failure>
<system-out>
<![CDATA[
[[ATTACHMENT|../test-results/api-Biome-js-API-Integration-should-handle-rate-limiting-chromium-retry1/trace.zip]]
]]>
</system-out>
</testcase>
<testcase name="Biome.js API Integration › should handle large payloads" classname="api.spec.ts" time="1.163">
<failure message="api.spec.ts:53:3 should handle large payloads" type="FAILURE">
<![CDATA[  [chromium] › api.spec.ts:53:3 › Biome.js API Integration › should handle large payloads ──────────

    Error: expect(received).toBeTruthy()

    Received: false

      61 |     });
      62 |
    > 63 |     expect(response.ok()).toBeTruthy();
         |                           ^
      64 |     const result = await response.json();
      65 |     expect(result).toHaveProperty("formatted");
      66 |   });
        at /home/flob/work/biome-high-cpu/biome-high-cpu-6541/tests/api.spec.ts:63:27

    Retry #1 ───────────────────────────────────────────────────────────────────────────────────────

    Error: expect(received).toBeTruthy()

    Received: false

      61 |     });
      62 |
    > 63 |     expect(response.ok()).toBeTruthy();
         |                           ^
      64 |     const result = await response.json();
      65 |     expect(result).toHaveProperty("formatted");
      66 |   });
        at /home/flob/work/biome-high-cpu/biome-high-cpu-6541/tests/api.spec.ts:63:27

    attachment #1: trace (application/zip) ─────────────────────────────────────────────────────────
    test-results/api-Biome-js-API-Integration-should-handle-large-payloads-chromium-retry1/trace.zip
    Usage:

        npx playwright show-trace test-results/api-Biome-js-API-Integration-should-handle-large-payloads-chromium-retry1/trace.zip

    ────────────────────────────────────────────────────────────────────────────────────────────────

    Retry #2 ───────────────────────────────────────────────────────────────────────────────────────

    Error: expect(received).toBeTruthy()

    Received: false

      61 |     });
      62 |
    > 63 |     expect(response.ok()).toBeTruthy();
         |                           ^
      64 |     const result = await response.json();
      65 |     expect(result).toHaveProperty("formatted");
      66 |   });
        at /home/flob/work/biome-high-cpu/biome-high-cpu-6541/tests/api.spec.ts:63:27
]]>
</failure>
<system-out>
<![CDATA[
[[ATTACHMENT|../test-results/api-Biome-js-API-Integration-should-handle-large-payloads-chromium-retry1/trace.zip]]
]]>
</system-out>
</testcase>
<testcase name="Biome.js API Integration › should handle concurrent requests" classname="api.spec.ts" time="1.816">
<failure message="api.spec.ts:68:3 should handle concurrent requests" type="FAILURE">
<![CDATA[  [chromium] › api.spec.ts:68:3 › Biome.js API Integration › should handle concurrent requests ─────

    Error: expect(received).toBeTruthy()

    Received: false

      75 |     const responses = await Promise.all(requests);
      76 |     responses.forEach((response) => {
    > 77 |       expect(response.ok()).toBeTruthy();
         |                             ^
      78 |     });
      79 |   });
      80 |
        at forEach (/home/flob/work/biome-high-cpu/biome-high-cpu-6541/tests/api.spec.ts:77:29)
        at /home/flob/work/biome-high-cpu/biome-high-cpu-6541/tests/api.spec.ts:76:15

    Retry #1 ───────────────────────────────────────────────────────────────────────────────────────

    Error: expect(received).toBeTruthy()

    Received: false

      75 |     const responses = await Promise.all(requests);
      76 |     responses.forEach((response) => {
    > 77 |       expect(response.ok()).toBeTruthy();
         |                             ^
      78 |     });
      79 |   });
      80 |
        at forEach (/home/flob/work/biome-high-cpu/biome-high-cpu-6541/tests/api.spec.ts:77:29)
        at /home/flob/work/biome-high-cpu/biome-high-cpu-6541/tests/api.spec.ts:76:15

    attachment #1: trace (application/zip) ─────────────────────────────────────────────────────────
    test-results/api-Biome-js-API-Integrati-9bde7--handle-concurrent-requests-chromium-retry1/trace.zip
    Usage:

        npx playwright show-trace test-results/api-Biome-js-API-Integrati-9bde7--handle-concurrent-requests-chromium-retry1/trace.zip

    ────────────────────────────────────────────────────────────────────────────────────────────────

    Retry #2 ───────────────────────────────────────────────────────────────────────────────────────

    Error: expect(received).toBeTruthy()

    Received: false

      75 |     const responses = await Promise.all(requests);
      76 |     responses.forEach((response) => {
    > 77 |       expect(response.ok()).toBeTruthy();
         |                             ^
      78 |     });
      79 |   });
      80 |
        at forEach (/home/flob/work/biome-high-cpu/biome-high-cpu-6541/tests/api.spec.ts:77:29)
        at /home/flob/work/biome-high-cpu/biome-high-cpu-6541/tests/api.spec.ts:76:15
]]>
</failure>
<system-out>
<![CDATA[
[[ATTACHMENT|../test-results/api-Biome-js-API-Integrati-9bde7--handle-concurrent-requests-chromium-retry1/trace.zip]]
]]>
</system-out>
</testcase>
<testcase name="Biome.js API Integration › should maintain session state" classname="api.spec.ts" time="1.314">
<failure message="api.spec.ts:81:3 should maintain session state" type="FAILURE">
<![CDATA[  [chromium] › api.spec.ts:81:3 › Biome.js API Integration › should maintain session state ─────────

    Error: expect(received).toBeTruthy()

    Received: false

      89 |       },
      90 |     });
    > 91 |     expect(response1.ok()).toBeTruthy();
         |                            ^
      92 |
      93 |     // Second request to verify session
      94 |     const response2 = await request.get("https://biomejs.dev/api/session");
        at /home/flob/work/biome-high-cpu/biome-high-cpu-6541/tests/api.spec.ts:91:28

    Retry #1 ───────────────────────────────────────────────────────────────────────────────────────

    Error: expect(received).toBeTruthy()

    Received: false

      89 |       },
      90 |     });
    > 91 |     expect(response1.ok()).toBeTruthy();
         |                            ^
      92 |
      93 |     // Second request to verify session
      94 |     const response2 = await request.get("https://biomejs.dev/api/session");
        at /home/flob/work/biome-high-cpu/biome-high-cpu-6541/tests/api.spec.ts:91:28

    attachment #1: trace (application/zip) ─────────────────────────────────────────────────────────
    test-results/api-Biome-js-API-Integration-should-maintain-session-state-chromium-retry1/trace.zip
    Usage:

        npx playwright show-trace test-results/api-Biome-js-API-Integration-should-maintain-session-state-chromium-retry1/trace.zip

    ────────────────────────────────────────────────────────────────────────────────────────────────

    Retry #2 ───────────────────────────────────────────────────────────────────────────────────────

    Error: expect(received).toBeTruthy()

    Received: false

      89 |       },
      90 |     });
    > 91 |     expect(response1.ok()).toBeTruthy();
         |                            ^
      92 |
      93 |     // Second request to verify session
      94 |     const response2 = await request.get("https://biomejs.dev/api/session");
        at /home/flob/work/biome-high-cpu/biome-high-cpu-6541/tests/api.spec.ts:91:28
]]>
</failure>
<system-out>
<![CDATA[
[[ATTACHMENT|../test-results/api-Biome-js-API-Integration-should-maintain-session-state-chromium-retry1/trace.zip]]
]]>
</system-out>
</testcase>
<testcase name="Biome.js API Integration › should validate request parameters" classname="api.spec.ts" time="1.323">
<failure message="api.spec.ts:102:3 should validate request parameters" type="FAILURE">
<![CDATA[  [chromium] › api.spec.ts:102:3 › Biome.js API Integration › should validate request parameters ───

    Error: expect(received).toBe(expected) // Object.is equality

    Expected: 400
    Received: 404

      108 |     });
      109 |
    > 110 |     expect(response.status()).toBe(400);
          |                               ^
      111 |     const error = await response.json();
      112 |     expect(error).toHaveProperty("error");
      113 |     expect(error.error).toMatch(/invalid syntax/i);
        at /home/flob/work/biome-high-cpu/biome-high-cpu-6541/tests/api.spec.ts:110:31

    Retry #1 ───────────────────────────────────────────────────────────────────────────────────────

    Error: expect(received).toBe(expected) // Object.is equality

    Expected: 400
    Received: 404

      108 |     });
      109 |
    > 110 |     expect(response.status()).toBe(400);
          |                               ^
      111 |     const error = await response.json();
      112 |     expect(error).toHaveProperty("error");
      113 |     expect(error.error).toMatch(/invalid syntax/i);
        at /home/flob/work/biome-high-cpu/biome-high-cpu-6541/tests/api.spec.ts:110:31

    attachment #1: trace (application/zip) ─────────────────────────────────────────────────────────
    test-results/api-Biome-js-API-Integrati-c7cfd-validate-request-parameters-chromium-retry1/trace.zip
    Usage:

        npx playwright show-trace test-results/api-Biome-js-API-Integrati-c7cfd-validate-request-parameters-chromium-retry1/trace.zip

    ────────────────────────────────────────────────────────────────────────────────────────────────

    Retry #2 ───────────────────────────────────────────────────────────────────────────────────────

    Error: expect(received).toBe(expected) // Object.is equality

    Expected: 400
    Received: 404

      108 |     });
      109 |
    > 110 |     expect(response.status()).toBe(400);
          |                               ^
      111 |     const error = await response.json();
      112 |     expect(error).toHaveProperty("error");
      113 |     expect(error.error).toMatch(/invalid syntax/i);
        at /home/flob/work/biome-high-cpu/biome-high-cpu-6541/tests/api.spec.ts:110:31
]]>
</failure>
<system-out>
<![CDATA[
[[ATTACHMENT|../test-results/api-Biome-js-API-Integrati-c7cfd-validate-request-parameters-chromium-retry1/trace.zip]]
]]>
</system-out>
</testcase>
<testcase name="Biome.js API Integration › should handle CORS headers" classname="api.spec.ts" time="1.306">
<failure message="api.spec.ts:116:3 should handle CORS headers" type="FAILURE">
<![CDATA[  [chromium] › api.spec.ts:116:3 › Biome.js API Integration › should handle CORS headers ───────────

    Error: expect(received).toBeDefined()

    Received: undefined

      121 |     });
      122 |
    > 123 |     expect(response.headers()["access-control-allow-origin"]).toBeDefined();
          |                                                               ^
      124 |   });
      125 | });
      126 |
        at /home/flob/work/biome-high-cpu/biome-high-cpu-6541/tests/api.spec.ts:123:63

    Retry #1 ───────────────────────────────────────────────────────────────────────────────────────

    Error: expect(received).toBeDefined()

    Received: undefined

      121 |     });
      122 |
    > 123 |     expect(response.headers()["access-control-allow-origin"]).toBeDefined();
          |                                                               ^
      124 |   });
      125 | });
      126 |
        at /home/flob/work/biome-high-cpu/biome-high-cpu-6541/tests/api.spec.ts:123:63

    attachment #1: trace (application/zip) ─────────────────────────────────────────────────────────
    test-results/api-Biome-js-API-Integration-should-handle-CORS-headers-chromium-retry1/trace.zip
    Usage:

        npx playwright show-trace test-results/api-Biome-js-API-Integration-should-handle-CORS-headers-chromium-retry1/trace.zip

    ────────────────────────────────────────────────────────────────────────────────────────────────

    Retry #2 ───────────────────────────────────────────────────────────────────────────────────────

    Error: expect(received).toBeDefined()

    Received: undefined

      121 |     });
      122 |
    > 123 |     expect(response.headers()["access-control-allow-origin"]).toBeDefined();
          |                                                               ^
      124 |   });
      125 | });
      126 |
        at /home/flob/work/biome-high-cpu/biome-high-cpu-6541/tests/api.spec.ts:123:63
]]>
</failure>
<system-out>
<![CDATA[
[[ATTACHMENT|../test-results/api-Biome-js-API-Integration-should-handle-CORS-headers-chromium-retry1/trace.zip]]
]]>
</system-out>
</testcase>
</testsuite>
<testsuite name="blog.spec.ts" timestamp="2025-06-26T12:39:53.779Z" hostname="chromium" tests="12" failures="4" skipped="0" time="51.945" errors="0">
<testcase name="Biome.js Blog › should display blog index page" classname="blog.spec.ts" time="1.318">
</testcase>
<testcase name="Biome.js Blog › should list blog posts" classname="blog.spec.ts" time="1.023">
</testcase>
<testcase name="Biome.js Blog › should show post metadata" classname="blog.spec.ts" time="2.916">
<failure message="blog.spec.ts:19:3 should show post metadata" type="FAILURE">
<![CDATA[  [chromium] › blog.spec.ts:19:3 › Biome.js Blog › should show post metadata ───────────────────────

    Error: expect.toBeVisible: Error: strict mode violation: locator('article').first().locator('.author') resolved to 2 elements:
        1) <a class="author astro-5wbzqmrs" href="https://bsky.app/profile/ematipico.xyz">…</a> aka getByRole('link', { name: 'Emanuele Stoppa Emanuele' })
        2) <div class="author astro-5wbzqmrs">…</div> aka locator('.authors > div').first()

    Call log:
      - Expect "toBeVisible" with timeout 5000ms
      - waiting for locator('article').first().locator('.author')


      24 |
      25 |     // Check author
    > 26 |     await expect(firstPost.locator(".author")).toBeVisible();
         |                                                ^
      27 |
      28 |     // Check title
      29 |     await expect(firstPost.locator("h2")).toBeVisible();
        at /home/flob/work/biome-high-cpu/biome-high-cpu-6541/tests/blog.spec.ts:26:48

    Error Context: ../test-results/blog-Biome-js-Blog-should-show-post-metadata-chromium/error-context.md

    Retry #1 ───────────────────────────────────────────────────────────────────────────────────────

    Error: expect.toBeVisible: Error: strict mode violation: locator('article').first().locator('.author') resolved to 2 elements:
        1) <a class="author astro-5wbzqmrs" href="https://bsky.app/profile/ematipico.xyz">…</a> aka getByRole('link', { name: 'Emanuele Stoppa Emanuele' })
        2) <div class="author astro-5wbzqmrs">…</div> aka locator('.authors > div').first()

    Call log:
      - Expect "toBeVisible" with timeout 5000ms
      - waiting for locator('article').first().locator('.author')


      24 |
      25 |     // Check author
    > 26 |     await expect(firstPost.locator(".author")).toBeVisible();
         |                                                ^
      27 |
      28 |     // Check title
      29 |     await expect(firstPost.locator("h2")).toBeVisible();
        at /home/flob/work/biome-high-cpu/biome-high-cpu-6541/tests/blog.spec.ts:26:48

    Error Context: ../test-results/blog-Biome-js-Blog-should-show-post-metadata-chromium-retry1/error-context.md

    attachment #2: trace (application/zip) ─────────────────────────────────────────────────────────
    test-results/blog-Biome-js-Blog-should-show-post-metadata-chromium-retry1/trace.zip
    Usage:

        npx playwright show-trace test-results/blog-Biome-js-Blog-should-show-post-metadata-chromium-retry1/trace.zip

    ────────────────────────────────────────────────────────────────────────────────────────────────

    Retry #2 ───────────────────────────────────────────────────────────────────────────────────────

    Error: expect.toBeVisible: Error: strict mode violation: locator('article').first().locator('.author') resolved to 2 elements:
        1) <a class="author astro-5wbzqmrs" href="https://bsky.app/profile/ematipico.xyz">…</a> aka getByRole('link', { name: 'Emanuele Stoppa Emanuele' })
        2) <div class="author astro-5wbzqmrs">…</div> aka locator('.authors > div').first()

    Call log:
      - Expect "toBeVisible" with timeout 5000ms
      - waiting for locator('article').first().locator('.author')


      24 |
      25 |     // Check author
    > 26 |     await expect(firstPost.locator(".author")).toBeVisible();
         |                                                ^
      27 |
      28 |     // Check title
      29 |     await expect(firstPost.locator("h2")).toBeVisible();
        at /home/flob/work/biome-high-cpu/biome-high-cpu-6541/tests/blog.spec.ts:26:48

    Error Context: ../test-results/blog-Biome-js-Blog-should-show-post-metadata-chromium-retry2/error-context.md
]]>
</failure>
<system-out>
<![CDATA[
[[ATTACHMENT|../test-results/blog-Biome-js-Blog-should-show-post-metadata-chromium/error-context.md]]

[[ATTACHMENT|../test-results/blog-Biome-js-Blog-should-show-post-metadata-chromium-retry1/error-context.md]]

[[ATTACHMENT|../test-results/blog-Biome-js-Blog-should-show-post-metadata-chromium-retry1/trace.zip]]

[[ATTACHMENT|../test-results/blog-Biome-js-Blog-should-show-post-metadata-chromium-retry2/error-context.md]]
]]>
</system-out>
</testcase>
<testcase name="Biome.js Blog › should have working post links" classname="blog.spec.ts" time="1.453">
</testcase>
<testcase name="Biome.js Blog › should display post content correctly" classname="blog.spec.ts" time="18.784">
<failure message="blog.spec.ts:41:3 should display post content correctly" type="FAILURE">
<![CDATA[  [chromium] › blog.spec.ts:41:3 › Biome.js Blog › should display post content correctly ───────────

    Error: Timed out 5000ms waiting for expect(locator).toBeVisible()

    Locator: locator('article')
    Expected: visible
    Received: <element(s) not found>
    Call log:
      - Expect "toBeVisible" with timeout 5000ms
      - waiting for locator('article')


      44 |
      45 |     // Check post structure
    > 46 |     await expect(page.locator("article")).toBeVisible();
         |                                           ^
      47 |     await expect(page.locator("h1")).toBeVisible();
      48 |     await expect(page.locator(".post-content")).toBeVisible();
      49 |   });
        at /home/flob/work/biome-high-cpu/biome-high-cpu-6541/tests/blog.spec.ts:46:43

    Error Context: ../test-results/blog-Biome-js-Blog-should-display-post-content-correctly-chromium/error-context.md

    Retry #1 ───────────────────────────────────────────────────────────────────────────────────────

    Error: Timed out 5000ms waiting for expect(locator).toBeVisible()

    Locator: locator('article')
    Expected: visible
    Received: <element(s) not found>
    Call log:
      - Expect "toBeVisible" with timeout 5000ms
      - waiting for locator('article')


      44 |
      45 |     // Check post structure
    > 46 |     await expect(page.locator("article")).toBeVisible();
         |                                           ^
      47 |     await expect(page.locator("h1")).toBeVisible();
      48 |     await expect(page.locator(".post-content")).toBeVisible();
      49 |   });
        at /home/flob/work/biome-high-cpu/biome-high-cpu-6541/tests/blog.spec.ts:46:43

    Error Context: ../test-results/blog-Biome-js-Blog-should-display-post-content-correctly-chromium-retry1/error-context.md

    attachment #2: trace (application/zip) ─────────────────────────────────────────────────────────
    test-results/blog-Biome-js-Blog-should-display-post-content-correctly-chromium-retry1/trace.zip
    Usage:

        npx playwright show-trace test-results/blog-Biome-js-Blog-should-display-post-content-correctly-chromium-retry1/trace.zip

    ────────────────────────────────────────────────────────────────────────────────────────────────

    Retry #2 ───────────────────────────────────────────────────────────────────────────────────────

    Error: Timed out 5000ms waiting for expect(locator).toBeVisible()

    Locator: locator('article')
    Expected: visible
    Received: <element(s) not found>
    Call log:
      - Expect "toBeVisible" with timeout 5000ms
      - waiting for locator('article')


      44 |
      45 |     // Check post structure
    > 46 |     await expect(page.locator("article")).toBeVisible();
         |                                           ^
      47 |     await expect(page.locator("h1")).toBeVisible();
      48 |     await expect(page.locator(".post-content")).toBeVisible();
      49 |   });
        at /home/flob/work/biome-high-cpu/biome-high-cpu-6541/tests/blog.spec.ts:46:43

    Error Context: ../test-results/blog-Biome-js-Blog-should-display-post-content-correctly-chromium-retry2/error-context.md
]]>
</failure>
<system-out>
<![CDATA[
[[ATTACHMENT|../test-results/blog-Biome-js-Blog-should-display-post-content-correctly-chromium/error-context.md]]

[[ATTACHMENT|../test-results/blog-Biome-js-Blog-should-display-post-content-correctly-chromium-retry1/error-context.md]]

[[ATTACHMENT|../test-results/blog-Biome-js-Blog-should-display-post-content-correctly-chromium-retry1/trace.zip]]

[[ATTACHMENT|../test-results/blog-Biome-js-Blog-should-display-post-content-correctly-chromium-retry2/error-context.md]]
]]>
</system-out>
</testcase>
<testcase name="Biome.js Blog › should handle code snippets in posts" classname="blog.spec.ts" time="18.946">
<failure message="blog.spec.ts:51:3 should handle code snippets in posts" type="FAILURE">
<![CDATA[  [chromium] › blog.spec.ts:51:3 › Biome.js Blog › should handle code snippets in posts ────────────

    Error: Timed out 5000ms waiting for expect(locator).toBeVisible()

    Locator: locator('.token')
    Expected: visible
    Received: <element(s) not found>
    Call log:
      - Expect "toBeVisible" with timeout 5000ms
      - waiting for locator('.token')


      56 |     if ((await codeBlocks.count()) > 0) {
      57 |       await expect(codeBlocks.first()).toBeVisible();
    > 58 |       await expect(page.locator(".token")).toBeVisible(); // Syntax highlighting
         |                                            ^
      59 |     }
      60 |   });
      61 |
        at /home/flob/work/biome-high-cpu/biome-high-cpu-6541/tests/blog.spec.ts:58:44

    Error Context: ../test-results/blog-Biome-js-Blog-should-handle-code-snippets-in-posts-chromium/error-context.md

    Retry #1 ───────────────────────────────────────────────────────────────────────────────────────

    Error: Timed out 5000ms waiting for expect(locator).toBeVisible()

    Locator: locator('.token')
    Expected: visible
    Received: <element(s) not found>
    Call log:
      - Expect "toBeVisible" with timeout 5000ms
      - waiting for locator('.token')


      56 |     if ((await codeBlocks.count()) > 0) {
      57 |       await expect(codeBlocks.first()).toBeVisible();
    > 58 |       await expect(page.locator(".token")).toBeVisible(); // Syntax highlighting
         |                                            ^
      59 |     }
      60 |   });
      61 |
        at /home/flob/work/biome-high-cpu/biome-high-cpu-6541/tests/blog.spec.ts:58:44

    Error Context: ../test-results/blog-Biome-js-Blog-should-handle-code-snippets-in-posts-chromium-retry1/error-context.md

    attachment #2: trace (application/zip) ─────────────────────────────────────────────────────────
    test-results/blog-Biome-js-Blog-should-handle-code-snippets-in-posts-chromium-retry1/trace.zip
    Usage:

        npx playwright show-trace test-results/blog-Biome-js-Blog-should-handle-code-snippets-in-posts-chromium-retry1/trace.zip

    ────────────────────────────────────────────────────────────────────────────────────────────────

    Retry #2 ───────────────────────────────────────────────────────────────────────────────────────

    Error: Timed out 5000ms waiting for expect(locator).toBeVisible()

    Locator: locator('.token')
    Expected: visible
    Received: <element(s) not found>
    Call log:
      - Expect "toBeVisible" with timeout 5000ms
      - waiting for locator('.token')


      56 |     if ((await codeBlocks.count()) > 0) {
      57 |       await expect(codeBlocks.first()).toBeVisible();
    > 58 |       await expect(page.locator(".token")).toBeVisible(); // Syntax highlighting
         |                                            ^
      59 |     }
      60 |   });
      61 |
        at /home/flob/work/biome-high-cpu/biome-high-cpu-6541/tests/blog.spec.ts:58:44

    Error Context: ../test-results/blog-Biome-js-Blog-should-handle-code-snippets-in-posts-chromium-retry2/error-context.md
]]>
</failure>
<system-out>
<![CDATA[
[[ATTACHMENT|../test-results/blog-Biome-js-Blog-should-handle-code-snippets-in-posts-chromium/error-context.md]]

[[ATTACHMENT|../test-results/blog-Biome-js-Blog-should-handle-code-snippets-in-posts-chromium-retry1/error-context.md]]

[[ATTACHMENT|../test-results/blog-Biome-js-Blog-should-handle-code-snippets-in-posts-chromium-retry1/trace.zip]]

[[ATTACHMENT|../test-results/blog-Biome-js-Blog-should-handle-code-snippets-in-posts-chromium-retry2/error-context.md]]
]]>
</system-out>
</testcase>
<testcase name="Biome.js Blog › should handle images in posts" classname="blog.spec.ts" time="1.318">
</testcase>
<testcase name="Biome.js Blog › should have working social share buttons" classname="blog.spec.ts" time="0.993">
</testcase>
<testcase name="Biome.js Blog › should paginate blog posts" classname="blog.spec.ts" time="0.682">
</testcase>
<testcase name="Biome.js Blog › should have working category filters" classname="blog.spec.ts" time="0.819">
</testcase>
<testcase name="Biome.js Blog › should format dates correctly" classname="blog.spec.ts" time="2.672">
<failure message="blog.spec.ts:105:3 should format dates correctly" type="FAILURE">
<![CDATA[  [chromium] › blog.spec.ts:105:3 › Biome.js Blog › should format dates correctly ──────────────────

    Error: expect(received).toMatch(expected)

    Expected pattern: /^\d{4}-\d{2}-\d{2}$/
    Received string:  " Jun 17, 2025 "

      107 |     for (const date of await dates.all()) {
      108 |       const dateText = await date.textContent();
    > 109 |       expect(dateText).toMatch(/^\d{4}-\d{2}-\d{2}$/);
          |                        ^
      110 |     }
      111 |   });
      112 |
        at /home/flob/work/biome-high-cpu/biome-high-cpu-6541/tests/blog.spec.ts:109:24

    Error Context: ../test-results/blog-Biome-js-Blog-should-format-dates-correctly-chromium/error-context.md

    Retry #1 ───────────────────────────────────────────────────────────────────────────────────────

    Error: expect(received).toMatch(expected)

    Expected pattern: /^\d{4}-\d{2}-\d{2}$/
    Received string:  " Jun 17, 2025 "

      107 |     for (const date of await dates.all()) {
      108 |       const dateText = await date.textContent();
    > 109 |       expect(dateText).toMatch(/^\d{4}-\d{2}-\d{2}$/);
          |                        ^
      110 |     }
      111 |   });
      112 |
        at /home/flob/work/biome-high-cpu/biome-high-cpu-6541/tests/blog.spec.ts:109:24

    Error Context: ../test-results/blog-Biome-js-Blog-should-format-dates-correctly-chromium-retry1/error-context.md

    attachment #2: trace (application/zip) ─────────────────────────────────────────────────────────
    test-results/blog-Biome-js-Blog-should-format-dates-correctly-chromium-retry1/trace.zip
    Usage:

        npx playwright show-trace test-results/blog-Biome-js-Blog-should-format-dates-correctly-chromium-retry1/trace.zip

    ────────────────────────────────────────────────────────────────────────────────────────────────

    Retry #2 ───────────────────────────────────────────────────────────────────────────────────────

    Error: expect(received).toMatch(expected)

    Expected pattern: /^\d{4}-\d{2}-\d{2}$/
    Received string:  " Jun 17, 2025 "

      107 |     for (const date of await dates.all()) {
      108 |       const dateText = await date.textContent();
    > 109 |       expect(dateText).toMatch(/^\d{4}-\d{2}-\d{2}$/);
          |                        ^
      110 |     }
      111 |   });
      112 |
        at /home/flob/work/biome-high-cpu/biome-high-cpu-6541/tests/blog.spec.ts:109:24

    Error Context: ../test-results/blog-Biome-js-Blog-should-format-dates-correctly-chromium-retry2/error-context.md
]]>
</failure>
<system-out>
<![CDATA[
[[ATTACHMENT|../test-results/blog-Biome-js-Blog-should-format-dates-correctly-chromium/error-context.md]]

[[ATTACHMENT|../test-results/blog-Biome-js-Blog-should-format-dates-correctly-chromium-retry1/error-context.md]]

[[ATTACHMENT|../test-results/blog-Biome-js-Blog-should-format-dates-correctly-chromium-retry1/trace.zip]]

[[ATTACHMENT|../test-results/blog-Biome-js-Blog-should-format-dates-correctly-chromium-retry2/error-context.md]]
]]>
</system-out>
</testcase>
<testcase name="Biome.js Blog › should handle responsive images" classname="blog.spec.ts" time="1.021">
</testcase>
</testsuite>
<testsuite name="documentation.spec.ts" timestamp="2025-06-26T12:39:53.779Z" hostname="chromium" tests="8" failures="7" skipped="0" time="118.338" errors="0">
<testcase name="Biome.js Documentation › should load documentation page" classname="documentation.spec.ts" time="17.546">
<failure message="documentation.spec.ts:8:3 should load documentation page" type="FAILURE">
<![CDATA[  [chromium] › documentation.spec.ts:8:3 › Biome.js Documentation › should load documentation page ─

    Error: Timed out 5000ms waiting for expect(page).toHaveTitle(expected)

    Locator: locator(':root')
    Expected pattern: /Reference/
    Received string:  "404 | Biome"
    Call log:
      - Expect "toHaveTitle" with timeout 5000ms
      - waiting for locator(':root')
        9 × locator resolved to <html lang="en" dir="ltr" data-has-hero="" data-theme="light" class="astro-zhibqghj">…</html>
          - unexpected value "404 | Biome"


       7 |
       8 |   test("should load documentation page", async ({ page }) => {
    >  9 |     await expect(page).toHaveTitle(/Reference/);
         |                        ^
      10 |     await expect(page.locator("h1")).toContainText("Reference");
      11 |   });
      12 |
        at /home/flob/work/biome-high-cpu/biome-high-cpu-6541/tests/documentation.spec.ts:9:24

    Error Context: ../test-results/documentation-Biome-js-Doc-39dee-uld-load-documentation-page-chromium/error-context.md

    Retry #1 ───────────────────────────────────────────────────────────────────────────────────────

    Error: Timed out 5000ms waiting for expect(page).toHaveTitle(expected)

    Locator: locator(':root')
    Expected pattern: /Reference/
    Received string:  "404 | Biome"
    Call log:
      - Expect "toHaveTitle" with timeout 5000ms
      - waiting for locator(':root')
        9 × locator resolved to <html lang="en" dir="ltr" data-has-hero="" data-theme="light" class="astro-zhibqghj">…</html>
          - unexpected value "404 | Biome"


       7 |
       8 |   test("should load documentation page", async ({ page }) => {
    >  9 |     await expect(page).toHaveTitle(/Reference/);
         |                        ^
      10 |     await expect(page.locator("h1")).toContainText("Reference");
      11 |   });
      12 |
        at /home/flob/work/biome-high-cpu/biome-high-cpu-6541/tests/documentation.spec.ts:9:24

    Error Context: ../test-results/documentation-Biome-js-Doc-39dee-uld-load-documentation-page-chromium-retry1/error-context.md

    attachment #2: trace (application/zip) ─────────────────────────────────────────────────────────
    test-results/documentation-Biome-js-Doc-39dee-uld-load-documentation-page-chromium-retry1/trace.zip
    Usage:

        npx playwright show-trace test-results/documentation-Biome-js-Doc-39dee-uld-load-documentation-page-chromium-retry1/trace.zip

    ────────────────────────────────────────────────────────────────────────────────────────────────

    Retry #2 ───────────────────────────────────────────────────────────────────────────────────────

    Error: Timed out 5000ms waiting for expect(page).toHaveTitle(expected)

    Locator: locator(':root')
    Expected pattern: /Reference/
    Received string:  "404 | Biome"
    Call log:
      - Expect "toHaveTitle" with timeout 5000ms
      - waiting for locator(':root')
        9 × locator resolved to <html lang="en" dir="ltr" data-has-hero="" data-theme="light" class="astro-zhibqghj">…</html>
          - unexpected value "404 | Biome"


       7 |
       8 |   test("should load documentation page", async ({ page }) => {
    >  9 |     await expect(page).toHaveTitle(/Reference/);
         |                        ^
      10 |     await expect(page.locator("h1")).toContainText("Reference");
      11 |   });
      12 |
        at /home/flob/work/biome-high-cpu/biome-high-cpu-6541/tests/documentation.spec.ts:9:24

    Error Context: ../test-results/documentation-Biome-js-Doc-39dee-uld-load-documentation-page-chromium-retry2/error-context.md
]]>
</failure>
<system-out>
<![CDATA[
[[ATTACHMENT|../test-results/documentation-Biome-js-Doc-39dee-uld-load-documentation-page-chromium/error-context.md]]

[[ATTACHMENT|../test-results/documentation-Biome-js-Doc-39dee-uld-load-documentation-page-chromium-retry1/error-context.md]]

[[ATTACHMENT|../test-results/documentation-Biome-js-Doc-39dee-uld-load-documentation-page-chromium-retry1/trace.zip]]

[[ATTACHMENT|../test-results/documentation-Biome-js-Doc-39dee-uld-load-documentation-page-chromium-retry2/error-context.md]]
]]>
</system-out>
</testcase>
<testcase name="Biome.js Documentation › should have working sidebar navigation" classname="documentation.spec.ts" time="17.043">
<failure message="documentation.spec.ts:13:3 should have working sidebar navigation" type="FAILURE">
<![CDATA[  [chromium] › documentation.spec.ts:13:3 › Biome.js Documentation › should have working sidebar navigation 

    Error: Timed out 5000ms waiting for expect(locator).toBeVisible()

    Locator: locator('.sidebar')
    Expected: visible
    Received: <element(s) not found>
    Call log:
      - Expect "toBeVisible" with timeout 5000ms
      - waiting for locator('.sidebar')


      13 |   test("should have working sidebar navigation", async ({ page }) => {
      14 |     const sidebar = page.locator(".sidebar");
    > 15 |     await expect(sidebar).toBeVisible();
         |                           ^
      16 |
      17 |     // Check for sidebar categories
      18 |     const sidebarCategories = sidebar.locator(".category");
        at /home/flob/work/biome-high-cpu/biome-high-cpu-6541/tests/documentation.spec.ts:15:27

    Error Context: ../test-results/documentation-Biome-js-Doc-617ba--working-sidebar-navigation-chromium/error-context.md

    Retry #1 ───────────────────────────────────────────────────────────────────────────────────────

    Error: Timed out 5000ms waiting for expect(locator).toBeVisible()

    Locator: locator('.sidebar')
    Expected: visible
    Received: <element(s) not found>
    Call log:
      - Expect "toBeVisible" with timeout 5000ms
      - waiting for locator('.sidebar')


      13 |   test("should have working sidebar navigation", async ({ page }) => {
      14 |     const sidebar = page.locator(".sidebar");
    > 15 |     await expect(sidebar).toBeVisible();
         |                           ^
      16 |
      17 |     // Check for sidebar categories
      18 |     const sidebarCategories = sidebar.locator(".category");
        at /home/flob/work/biome-high-cpu/biome-high-cpu-6541/tests/documentation.spec.ts:15:27

    Error Context: ../test-results/documentation-Biome-js-Doc-617ba--working-sidebar-navigation-chromium-retry1/error-context.md

    attachment #2: trace (application/zip) ─────────────────────────────────────────────────────────
    test-results/documentation-Biome-js-Doc-617ba--working-sidebar-navigation-chromium-retry1/trace.zip
    Usage:

        npx playwright show-trace test-results/documentation-Biome-js-Doc-617ba--working-sidebar-navigation-chromium-retry1/trace.zip

    ────────────────────────────────────────────────────────────────────────────────────────────────

    Retry #2 ───────────────────────────────────────────────────────────────────────────────────────

    Error: Timed out 5000ms waiting for expect(locator).toBeVisible()

    Locator: locator('.sidebar')
    Expected: visible
    Received: <element(s) not found>
    Call log:
      - Expect "toBeVisible" with timeout 5000ms
      - waiting for locator('.sidebar')


      13 |   test("should have working sidebar navigation", async ({ page }) => {
      14 |     const sidebar = page.locator(".sidebar");
    > 15 |     await expect(sidebar).toBeVisible();
         |                           ^
      16 |
      17 |     // Check for sidebar categories
      18 |     const sidebarCategories = sidebar.locator(".category");
        at /home/flob/work/biome-high-cpu/biome-high-cpu-6541/tests/documentation.spec.ts:15:27

    Error Context: ../test-results/documentation-Biome-js-Doc-617ba--working-sidebar-navigation-chromium-retry2/error-context.md
]]>
</failure>
<system-out>
<![CDATA[
[[ATTACHMENT|../test-results/documentation-Biome-js-Doc-617ba--working-sidebar-navigation-chromium/error-context.md]]

[[ATTACHMENT|../test-results/documentation-Biome-js-Doc-617ba--working-sidebar-navigation-chromium-retry1/error-context.md]]

[[ATTACHMENT|../test-results/documentation-Biome-js-Doc-617ba--working-sidebar-navigation-chromium-retry1/trace.zip]]

[[ATTACHMENT|../test-results/documentation-Biome-js-Doc-617ba--working-sidebar-navigation-chromium-retry2/error-context.md]]
]]>
</system-out>
</testcase>
<testcase name="Biome.js Documentation › should have working search functionality" classname="documentation.spec.ts" time="18.569">
<failure message="documentation.spec.ts:22:3 should have working search functionality" type="FAILURE">
<![CDATA[  [chromium] › documentation.spec.ts:22:3 › Biome.js Documentation › should have working search functionality 

    Error: Timed out 5000ms waiting for expect(locator).toBeVisible()

    Locator: locator('.search-results')
    Expected: visible
    Received: <element(s) not found>
    Call log:
      - Expect "toBeVisible" with timeout 5000ms
      - waiting for locator('.search-results')


      36 |     // Wait for search results
      37 |     const searchResults = page.locator(".search-results");
    > 38 |     await expect(searchResults).toBeVisible();
         |                                 ^
      39 |     await expect(searchResults.locator("li")).toHaveCount(1);
      40 |   });
      41 |
        at /home/flob/work/biome-high-cpu/biome-high-cpu-6541/tests/documentation.spec.ts:38:33

    Error Context: ../test-results/documentation-Biome-js-Doc-4a38e-orking-search-functionality-chromium/error-context.md

    Retry #1 ───────────────────────────────────────────────────────────────────────────────────────

    Error: Timed out 5000ms waiting for expect(locator).toBeVisible()

    Locator: locator('.search-results')
    Expected: visible
    Received: <element(s) not found>
    Call log:
      - Expect "toBeVisible" with timeout 5000ms
      - waiting for locator('.search-results')


      36 |     // Wait for search results
      37 |     const searchResults = page.locator(".search-results");
    > 38 |     await expect(searchResults).toBeVisible();
         |                                 ^
      39 |     await expect(searchResults.locator("li")).toHaveCount(1);
      40 |   });
      41 |
        at /home/flob/work/biome-high-cpu/biome-high-cpu-6541/tests/documentation.spec.ts:38:33

    Error Context: ../test-results/documentation-Biome-js-Doc-4a38e-orking-search-functionality-chromium-retry1/error-context.md

    attachment #2: trace (application/zip) ─────────────────────────────────────────────────────────
    test-results/documentation-Biome-js-Doc-4a38e-orking-search-functionality-chromium-retry1/trace.zip
    Usage:

        npx playwright show-trace test-results/documentation-Biome-js-Doc-4a38e-orking-search-functionality-chromium-retry1/trace.zip

    ────────────────────────────────────────────────────────────────────────────────────────────────

    Retry #2 ───────────────────────────────────────────────────────────────────────────────────────

    Error: Timed out 5000ms waiting for expect(locator).toBeVisible()

    Locator: locator('.search-results')
    Expected: visible
    Received: <element(s) not found>
    Call log:
      - Expect "toBeVisible" with timeout 5000ms
      - waiting for locator('.search-results')


      36 |     // Wait for search results
      37 |     const searchResults = page.locator(".search-results");
    > 38 |     await expect(searchResults).toBeVisible();
         |                                 ^
      39 |     await expect(searchResults.locator("li")).toHaveCount(1);
      40 |   });
      41 |
        at /home/flob/work/biome-high-cpu/biome-high-cpu-6541/tests/documentation.spec.ts:38:33

    Error Context: ../test-results/documentation-Biome-js-Doc-4a38e-orking-search-functionality-chromium-retry2/error-context.md
]]>
</failure>
<system-out>
<![CDATA[
[[ATTACHMENT|../test-results/documentation-Biome-js-Doc-4a38e-orking-search-functionality-chromium/error-context.md]]

[[ATTACHMENT|../test-results/documentation-Biome-js-Doc-4a38e-orking-search-functionality-chromium-retry1/error-context.md]]

[[ATTACHMENT|../test-results/documentation-Biome-js-Doc-4a38e-orking-search-functionality-chromium-retry1/trace.zip]]

[[ATTACHMENT|../test-results/documentation-Biome-js-Doc-4a38e-orking-search-functionality-chromium-retry2/error-context.md]]
]]>
</system-out>
</testcase>
<testcase name="Biome.js Documentation › should navigate between documentation sections" classname="documentation.spec.ts" time="2.348">
</testcase>
<testcase name="Biome.js Documentation › should display code examples properly" classname="documentation.spec.ts" time="8.594">
<failure message="documentation.spec.ts:53:3 should display code examples properly" type="FAILURE">
<![CDATA[  [chromium] › documentation.spec.ts:53:3 › Biome.js Documentation › should display code examples properly 

    Error: expect.toBeVisible: Error: strict mode violation: locator('pre code') resolved to 40 elements:
        1) <code>…</code> aka getByText('1{2 "$schema": "./')
        2) <code>…</code> aka getByText('1{2 "$schema": "https://')
        3) <code>…</code> aka getByText('{2 "files": {3 "includes": ["src/**/*.js"]4 }5}')
        4) <code>…</code> aka getByText('{2 "files": {3 "includes": ["**", "!**/*.test.js", "**/special.test.js", "!test')
        5) <code>…</code> aka getByText('{2 "files": {3 "ignoreUnknown": true4 }5}')
        6) <code>…</code> aka getByText('{2 "linter": {3 "includes": ["src/**/*.js"]4 }5}')
        7) <code>…</code> aka getByText('{2 "linter": {3 "includes": ["**", "!**/*.test.js", "**/special.test.js"]4 }5}')
        8) <code>…</code> aka getByText('{2 "files": {3 "includes": "src/**"4 },5 "linter": {6 // This matches nothing')
        9) <code>…</code> aka getByText('1{2 "linter": {3 "rules": {4')
        10) <code>…</code> aka getByRole('figure', { name: 'Terminal window' }).getByRole('code')
        ...

    Call log:
      - Expect "toBeVisible" with timeout 5000ms
      - waiting for locator('pre code')


      56 |
      57 |     const codeBlocks = page.locator("pre code");
    > 58 |     await expect(codeBlocks).toBeVisible();
         |                              ^
      59 |
      60 |     // Verify syntax highlighting
      61 |     const highlightedCode = page.locator(".token");
        at /home/flob/work/biome-high-cpu/biome-high-cpu-6541/tests/documentation.spec.ts:58:30

    Error Context: ../test-results/documentation-Biome-js-Doc-477e7-play-code-examples-properly-chromium/error-context.md

    Retry #1 ───────────────────────────────────────────────────────────────────────────────────────

    Error: expect.toBeVisible: Error: strict mode violation: locator('pre code') resolved to 40 elements:
        1) <code>…</code> aka getByText('1{2 "$schema": "./')
        2) <code>…</code> aka getByText('1{2 "$schema": "https://')
        3) <code>…</code> aka getByText('{2 "files": {3 "includes": ["src/**/*.js"]4 }5}')
        4) <code>…</code> aka getByText('{2 "files": {3 "includes": ["**", "!**/*.test.js", "**/special.test.js", "!test')
        5) <code>…</code> aka getByText('{2 "files": {3 "ignoreUnknown": true4 }5}')
        6) <code>…</code> aka getByText('{2 "linter": {3 "includes": ["src/**/*.js"]4 }5}')
        7) <code>…</code> aka getByText('{2 "linter": {3 "includes": ["**", "!**/*.test.js", "**/special.test.js"]4 }5}')
        8) <code>…</code> aka getByText('{2 "files": {3 "includes": "src/**"4 },5 "linter": {6 // This matches nothing')
        9) <code>…</code> aka getByText('1{2 "linter": {3 "rules": {4')
        10) <code>…</code> aka getByRole('figure', { name: 'Terminal window' }).getByRole('code')
        ...

    Call log:
      - Expect "toBeVisible" with timeout 5000ms
      - waiting for locator('pre code')


      56 |
      57 |     const codeBlocks = page.locator("pre code");
    > 58 |     await expect(codeBlocks).toBeVisible();
         |                              ^
      59 |
      60 |     // Verify syntax highlighting
      61 |     const highlightedCode = page.locator(".token");
        at /home/flob/work/biome-high-cpu/biome-high-cpu-6541/tests/documentation.spec.ts:58:30

    Error Context: ../test-results/documentation-Biome-js-Doc-477e7-play-code-examples-properly-chromium-retry1/error-context.md

    attachment #2: trace (application/zip) ─────────────────────────────────────────────────────────
    test-results/documentation-Biome-js-Doc-477e7-play-code-examples-properly-chromium-retry1/trace.zip
    Usage:

        npx playwright show-trace test-results/documentation-Biome-js-Doc-477e7-play-code-examples-properly-chromium-retry1/trace.zip

    ────────────────────────────────────────────────────────────────────────────────────────────────

    Retry #2 ───────────────────────────────────────────────────────────────────────────────────────

    Error: expect.toBeVisible: Error: strict mode violation: locator('pre code') resolved to 40 elements:
        1) <code>…</code> aka getByText('1{2 "$schema": "./')
        2) <code>…</code> aka getByText('1{2 "$schema": "https://')
        3) <code>…</code> aka getByText('{2 "files": {3 "includes": ["src/**/*.js"]4 }5}')
        4) <code>…</code> aka getByText('{2 "files": {3 "includes": ["**", "!**/*.test.js", "**/special.test.js", "!test')
        5) <code>…</code> aka getByText('{2 "files": {3 "ignoreUnknown": true4 }5}')
        6) <code>…</code> aka getByText('{2 "linter": {3 "includes": ["src/**/*.js"]4 }5}')
        7) <code>…</code> aka getByText('{2 "linter": {3 "includes": ["**", "!**/*.test.js", "**/special.test.js"]4 }5}')
        8) <code>…</code> aka getByText('{2 "files": {3 "includes": "src/**"4 },5 "linter": {6 // This matches nothing')
        9) <code>…</code> aka getByText('1{2 "linter": {3 "rules": {4')
        10) <code>…</code> aka getByRole('figure', { name: 'Terminal window' }).getByRole('code')
        ...

    Call log:
      - Expect "toBeVisible" with timeout 5000ms
      - waiting for locator('pre code')


      56 |
      57 |     const codeBlocks = page.locator("pre code");
    > 58 |     await expect(codeBlocks).toBeVisible();
         |                              ^
      59 |
      60 |     // Verify syntax highlighting
      61 |     const highlightedCode = page.locator(".token");
        at /home/flob/work/biome-high-cpu/biome-high-cpu-6541/tests/documentation.spec.ts:58:30

    Error Context: ../test-results/documentation-Biome-js-Doc-477e7-play-code-examples-properly-chromium-retry2/error-context.md
]]>
</failure>
<system-out>
<![CDATA[
[[ATTACHMENT|../test-results/documentation-Biome-js-Doc-477e7-play-code-examples-properly-chromium/error-context.md]]

[[ATTACHMENT|../test-results/documentation-Biome-js-Doc-477e7-play-code-examples-properly-chromium-retry1/error-context.md]]

[[ATTACHMENT|../test-results/documentation-Biome-js-Doc-477e7-play-code-examples-properly-chromium-retry1/trace.zip]]

[[ATTACHMENT|../test-results/documentation-Biome-js-Doc-477e7-play-code-examples-properly-chromium-retry2/error-context.md]]
]]>
</system-out>
</testcase>
<testcase name="Biome.js Documentation › should have working copy code buttons" classname="documentation.spec.ts" time="19.817">
<failure message="documentation.spec.ts:65:3 should have working copy code buttons" type="FAILURE">
<![CDATA[  [chromium] › documentation.spec.ts:65:3 › Biome.js Documentation › should have working copy code buttons 

    Error: Timed out 5000ms waiting for expect(locator).toBeVisible()

    Locator: locator('button[aria-label*="copy"]')
    Expected: visible
    Received: <element(s) not found>
    Call log:
      - Expect "toBeVisible" with timeout 5000ms
      - waiting for locator('button[aria-label*="copy"]')


      67 |
      68 |     const copyButtons = page.locator('button[aria-label*="copy"]');
    > 69 |     await expect(copyButtons).toBeVisible();
         |                               ^
      70 |
      71 |     // Click first copy button
      72 |     await copyButtons.first().click();
        at /home/flob/work/biome-high-cpu/biome-high-cpu-6541/tests/documentation.spec.ts:69:31

    Error Context: ../test-results/documentation-Biome-js-Doc-2c0a3-e-working-copy-code-buttons-chromium/error-context.md

    Retry #1 ───────────────────────────────────────────────────────────────────────────────────────

    Error: Timed out 5000ms waiting for expect(locator).toBeVisible()

    Locator: locator('button[aria-label*="copy"]')
    Expected: visible
    Received: <element(s) not found>
    Call log:
      - Expect "toBeVisible" with timeout 5000ms
      - waiting for locator('button[aria-label*="copy"]')


      67 |
      68 |     const copyButtons = page.locator('button[aria-label*="copy"]');
    > 69 |     await expect(copyButtons).toBeVisible();
         |                               ^
      70 |
      71 |     // Click first copy button
      72 |     await copyButtons.first().click();
        at /home/flob/work/biome-high-cpu/biome-high-cpu-6541/tests/documentation.spec.ts:69:31

    Error Context: ../test-results/documentation-Biome-js-Doc-2c0a3-e-working-copy-code-buttons-chromium-retry1/error-context.md

    attachment #2: trace (application/zip) ─────────────────────────────────────────────────────────
    test-results/documentation-Biome-js-Doc-2c0a3-e-working-copy-code-buttons-chromium-retry1/trace.zip
    Usage:

        npx playwright show-trace test-results/documentation-Biome-js-Doc-2c0a3-e-working-copy-code-buttons-chromium-retry1/trace.zip

    ────────────────────────────────────────────────────────────────────────────────────────────────

    Retry #2 ───────────────────────────────────────────────────────────────────────────────────────

    Error: Timed out 5000ms waiting for expect(locator).toBeVisible()

    Locator: locator('button[aria-label*="copy"]')
    Expected: visible
    Received: <element(s) not found>
    Call log:
      - Expect "toBeVisible" with timeout 5000ms
      - waiting for locator('button[aria-label*="copy"]')


      67 |
      68 |     const copyButtons = page.locator('button[aria-label*="copy"]');
    > 69 |     await expect(copyButtons).toBeVisible();
         |                               ^
      70 |
      71 |     // Click first copy button
      72 |     await copyButtons.first().click();
        at /home/flob/work/biome-high-cpu/biome-high-cpu-6541/tests/documentation.spec.ts:69:31

    Error Context: ../test-results/documentation-Biome-js-Doc-2c0a3-e-working-copy-code-buttons-chromium-retry2/error-context.md
]]>
</failure>
<system-out>
<![CDATA[
[[ATTACHMENT|../test-results/documentation-Biome-js-Doc-2c0a3-e-working-copy-code-buttons-chromium/error-context.md]]

[[ATTACHMENT|../test-results/documentation-Biome-js-Doc-2c0a3-e-working-copy-code-buttons-chromium-retry1/error-context.md]]

[[ATTACHMENT|../test-results/documentation-Biome-js-Doc-2c0a3-e-working-copy-code-buttons-chromium-retry1/trace.zip]]

[[ATTACHMENT|../test-results/documentation-Biome-js-Doc-2c0a3-e-working-copy-code-buttons-chromium-retry2/error-context.md]]
]]>
</system-out>
</testcase>
<testcase name="Biome.js Documentation › should have working pagination" classname="documentation.spec.ts" time="17.138">
<failure message="documentation.spec.ts:78:3 should have working pagination" type="FAILURE">
<![CDATA[  [chromium] › documentation.spec.ts:78:3 › Biome.js Documentation › should have working pagination 

    Error: Timed out 5000ms waiting for expect(locator).toBeVisible()

    Locator: getByRole('link', { name: /next/i })
    Expected: visible
    Received: <element(s) not found>
    Call log:
      - Expect "toBeVisible" with timeout 5000ms
      - waiting for getByRole('link', { name: /next/i })


      81 |
      82 |     // Verify navigation buttons
    > 83 |     await expect(nextButton).toBeVisible();
         |                              ^
      84 |     await expect(prevButton).toBeVisible();
      85 |
      86 |     // Navigate to next page
        at /home/flob/work/biome-high-cpu/biome-high-cpu-6541/tests/documentation.spec.ts:83:30

    Error Context: ../test-results/documentation-Biome-js-Doc-fbe7d-uld-have-working-pagination-chromium/error-context.md

    Retry #1 ───────────────────────────────────────────────────────────────────────────────────────

    Error: Timed out 5000ms waiting for expect(locator).toBeVisible()

    Locator: getByRole('link', { name: /next/i })
    Expected: visible
    Received: <element(s) not found>
    Call log:
      - Expect "toBeVisible" with timeout 5000ms
      - waiting for getByRole('link', { name: /next/i })


      81 |
      82 |     // Verify navigation buttons
    > 83 |     await expect(nextButton).toBeVisible();
         |                              ^
      84 |     await expect(prevButton).toBeVisible();
      85 |
      86 |     // Navigate to next page
        at /home/flob/work/biome-high-cpu/biome-high-cpu-6541/tests/documentation.spec.ts:83:30

    Error Context: ../test-results/documentation-Biome-js-Doc-fbe7d-uld-have-working-pagination-chromium-retry1/error-context.md

    attachment #2: trace (application/zip) ─────────────────────────────────────────────────────────
    test-results/documentation-Biome-js-Doc-fbe7d-uld-have-working-pagination-chromium-retry1/trace.zip
    Usage:

        npx playwright show-trace test-results/documentation-Biome-js-Doc-fbe7d-uld-have-working-pagination-chromium-retry1/trace.zip

    ────────────────────────────────────────────────────────────────────────────────────────────────

    Retry #2 ───────────────────────────────────────────────────────────────────────────────────────

    Error: Timed out 5000ms waiting for expect(locator).toBeVisible()

    Locator: getByRole('link', { name: /next/i })
    Expected: visible
    Received: <element(s) not found>
    Call log:
      - Expect "toBeVisible" with timeout 5000ms
      - waiting for getByRole('link', { name: /next/i })


      81 |
      82 |     // Verify navigation buttons
    > 83 |     await expect(nextButton).toBeVisible();
         |                              ^
      84 |     await expect(prevButton).toBeVisible();
      85 |
      86 |     // Navigate to next page
        at /home/flob/work/biome-high-cpu/biome-high-cpu-6541/tests/documentation.spec.ts:83:30

    Error Context: ../test-results/documentation-Biome-js-Doc-fbe7d-uld-have-working-pagination-chromium-retry2/error-context.md
]]>
</failure>
<system-out>
<![CDATA[
[[ATTACHMENT|../test-results/documentation-Biome-js-Doc-fbe7d-uld-have-working-pagination-chromium/error-context.md]]

[[ATTACHMENT|../test-results/documentation-Biome-js-Doc-fbe7d-uld-have-working-pagination-chromium-retry1/error-context.md]]

[[ATTACHMENT|../test-results/documentation-Biome-js-Doc-fbe7d-uld-have-working-pagination-chromium-retry1/trace.zip]]

[[ATTACHMENT|../test-results/documentation-Biome-js-Doc-fbe7d-uld-have-working-pagination-chromium-retry2/error-context.md]]
]]>
</system-out>
</testcase>
<testcase name="Biome.js Documentation › should handle mobile responsive layout" classname="documentation.spec.ts" time="17.283">
<failure message="documentation.spec.ts:92:3 should handle mobile responsive layout" type="FAILURE">
<![CDATA[  [chromium] › documentation.spec.ts:92:3 › Biome.js Documentation › should handle mobile responsive layout 

    Error: Timed out 5000ms waiting for expect(locator).toBeVisible()

    Locator: getByRole('button', { name: /menu/i })
    Expected: visible
    Received: <element(s) not found>
    Call log:
      - Expect "toBeVisible" with timeout 5000ms
      - waiting for getByRole('button', { name: /menu/i })


       96 |     // Check for mobile menu button
       97 |     const menuButton = page.getByRole("button", { name: /menu/i });
    >  98 |     await expect(menuButton).toBeVisible();
          |                              ^
       99 |
      100 |     // Open mobile menu
      101 |     await menuButton.click();
        at /home/flob/work/biome-high-cpu/biome-high-cpu-6541/tests/documentation.spec.ts:98:30

    Error Context: ../test-results/documentation-Biome-js-Doc-a3136-le-mobile-responsive-layout-chromium/error-context.md

    Retry #1 ───────────────────────────────────────────────────────────────────────────────────────

    Error: Timed out 5000ms waiting for expect(locator).toBeVisible()

    Locator: getByRole('button', { name: /menu/i })
    Expected: visible
    Received: <element(s) not found>
    Call log:
      - Expect "toBeVisible" with timeout 5000ms
      - waiting for getByRole('button', { name: /menu/i })


       96 |     // Check for mobile menu button
       97 |     const menuButton = page.getByRole("button", { name: /menu/i });
    >  98 |     await expect(menuButton).toBeVisible();
          |                              ^
       99 |
      100 |     // Open mobile menu
      101 |     await menuButton.click();
        at /home/flob/work/biome-high-cpu/biome-high-cpu-6541/tests/documentation.spec.ts:98:30

    Error Context: ../test-results/documentation-Biome-js-Doc-a3136-le-mobile-responsive-layout-chromium-retry1/error-context.md

    attachment #2: trace (application/zip) ─────────────────────────────────────────────────────────
    test-results/documentation-Biome-js-Doc-a3136-le-mobile-responsive-layout-chromium-retry1/trace.zip
    Usage:

        npx playwright show-trace test-results/documentation-Biome-js-Doc-a3136-le-mobile-responsive-layout-chromium-retry1/trace.zip

    ────────────────────────────────────────────────────────────────────────────────────────────────

    Retry #2 ───────────────────────────────────────────────────────────────────────────────────────

    Error: Timed out 5000ms waiting for expect(locator).toBeVisible()

    Locator: getByRole('button', { name: /menu/i })
    Expected: visible
    Received: <element(s) not found>
    Call log:
      - Expect "toBeVisible" with timeout 5000ms
      - waiting for getByRole('button', { name: /menu/i })


       96 |     // Check for mobile menu button
       97 |     const menuButton = page.getByRole("button", { name: /menu/i });
    >  98 |     await expect(menuButton).toBeVisible();
          |                              ^
       99 |
      100 |     // Open mobile menu
      101 |     await menuButton.click();
        at /home/flob/work/biome-high-cpu/biome-high-cpu-6541/tests/documentation.spec.ts:98:30

    Error Context: ../test-results/documentation-Biome-js-Doc-a3136-le-mobile-responsive-layout-chromium-retry2/error-context.md
]]>
</failure>
<system-out>
<![CDATA[
[[ATTACHMENT|../test-results/documentation-Biome-js-Doc-a3136-le-mobile-responsive-layout-chromium/error-context.md]]

[[ATTACHMENT|../test-results/documentation-Biome-js-Doc-a3136-le-mobile-responsive-layout-chromium-retry1/error-context.md]]

[[ATTACHMENT|../test-results/documentation-Biome-js-Doc-a3136-le-mobile-responsive-layout-chromium-retry1/trace.zip]]

[[ATTACHMENT|../test-results/documentation-Biome-js-Doc-a3136-le-mobile-responsive-layout-chromium-retry2/error-context.md]]
]]>
</system-out>
</testcase>
</testsuite>
<testsuite name="example.spec.ts" timestamp="2025-06-26T12:39:53.779Z" hostname="chromium" tests="2" failures="0" skipped="0" time="1.282" errors="0">
<testcase name="has title" classname="example.spec.ts" time="0.541">
</testcase>
<testcase name="get started link" classname="example.spec.ts" time="0.741">
</testcase>
</testsuite>
<testsuite name="getting-started.spec.ts" timestamp="2025-06-26T12:39:53.779Z" hostname="chromium" tests="11" failures="9" skipped="0" time="135.006" errors="0">
<testcase name="Biome.js Getting Started Guide › should display correct page title" classname="getting-started.spec.ts" time="0.657">
</testcase>
<testcase name="Biome.js Getting Started Guide › should show installation commands" classname="getting-started.spec.ts" time="17.916">
<failure message="getting-started.spec.ts:12:3 should show installation commands" type="FAILURE">
<![CDATA[  [chromium] › getting-started.spec.ts:12:3 › Biome.js Getting Started Guide › should show installation commands 

    Error: Timed out 5000ms waiting for expect(locator).toBeVisible()

    Locator: locator('code:has-text("npm install")')
    Expected: visible
    Received: <element(s) not found>
    Call log:
      - Expect "toBeVisible" with timeout 5000ms
      - waiting for locator('code:has-text("npm install")')


      15 |     const yarnCommand = page.locator('code:has-text("yarn add")');
      16 |
    > 17 |     await expect(npmCommand).toBeVisible();
         |                              ^
      18 |     await expect(pnpmCommand).toBeVisible();
      19 |     await expect(yarnCommand).toBeVisible();
      20 |   });
        at /home/flob/work/biome-high-cpu/biome-high-cpu-6541/tests/getting-started.spec.ts:17:30

    Error Context: ../test-results/getting-started-Biome-js-G-c2cd4--show-installation-commands-chromium/error-context.md

    Retry #1 ───────────────────────────────────────────────────────────────────────────────────────

    Error: Timed out 5000ms waiting for expect(locator).toBeVisible()

    Locator: locator('code:has-text("npm install")')
    Expected: visible
    Received: <element(s) not found>
    Call log:
      - Expect "toBeVisible" with timeout 5000ms
      - waiting for locator('code:has-text("npm install")')


      15 |     const yarnCommand = page.locator('code:has-text("yarn add")');
      16 |
    > 17 |     await expect(npmCommand).toBeVisible();
         |                              ^
      18 |     await expect(pnpmCommand).toBeVisible();
      19 |     await expect(yarnCommand).toBeVisible();
      20 |   });
        at /home/flob/work/biome-high-cpu/biome-high-cpu-6541/tests/getting-started.spec.ts:17:30

    Error Context: ../test-results/getting-started-Biome-js-G-c2cd4--show-installation-commands-chromium-retry1/error-context.md

    attachment #2: trace (application/zip) ─────────────────────────────────────────────────────────
    test-results/getting-started-Biome-js-G-c2cd4--show-installation-commands-chromium-retry1/trace.zip
    Usage:

        npx playwright show-trace test-results/getting-started-Biome-js-G-c2cd4--show-installation-commands-chromium-retry1/trace.zip

    ────────────────────────────────────────────────────────────────────────────────────────────────

    Retry #2 ───────────────────────────────────────────────────────────────────────────────────────

    Error: Timed out 5000ms waiting for expect(locator).toBeVisible()

    Locator: locator('code:has-text("npm install")')
    Expected: visible
    Received: <element(s) not found>
    Call log:
      - Expect "toBeVisible" with timeout 5000ms
      - waiting for locator('code:has-text("npm install")')


      15 |     const yarnCommand = page.locator('code:has-text("yarn add")');
      16 |
    > 17 |     await expect(npmCommand).toBeVisible();
         |                              ^
      18 |     await expect(pnpmCommand).toBeVisible();
      19 |     await expect(yarnCommand).toBeVisible();
      20 |   });
        at /home/flob/work/biome-high-cpu/biome-high-cpu-6541/tests/getting-started.spec.ts:17:30

    Error Context: ../test-results/getting-started-Biome-js-G-c2cd4--show-installation-commands-chromium-retry2/error-context.md
]]>
</failure>
<system-out>
<![CDATA[
[...]
      61 |   });
      62 |
      63 |   test("should have working language switcher if present", async ({ page }) => {
        at /home/flob/work/biome-high-cpu/biome-high-cpu-6541/tests/specific-validations.spec.ts:60:28

    Error Context: ../test-results/specific-validations-Biome-f4be8-d-handle-404-page-correctly-webkit/error-context.md

    Retry #1 ───────────────────────────────────────────────────────────────────────────────────────

    Error: Timed out 5000ms waiting for expect(locator).toBeVisible()

    Locator: getByRole('link', { name: /home/i })
    Expected: visible
    Received: <element(s) not found>
    Call log:
      - Expect "toBeVisible" with timeout 5000ms
      - waiting for getByRole('link', { name: /home/i })


      58 |     // Check if there's a link back to home
      59 |     const homeLink = page.getByRole("link", { name: /home/i });
    > 60 |     await expect(homeLink).toBeVisible();
         |                            ^
      61 |   });
      62 |
      63 |   test("should have working language switcher if present", async ({ page }) => {
        at /home/flob/work/biome-high-cpu/biome-high-cpu-6541/tests/specific-validations.spec.ts:60:28

    Error Context: ../test-results/specific-validations-Biome-f4be8-d-handle-404-page-correctly-webkit-retry1/error-context.md

    attachment #2: trace (application/zip) ─────────────────────────────────────────────────────────
    test-results/specific-validations-Biome-f4be8-d-handle-404-page-correctly-webkit-retry1/trace.zip
    Usage:

        npx playwright show-trace test-results/specific-validations-Biome-f4be8-d-handle-404-page-correctly-webkit-retry1/trace.zip

    ────────────────────────────────────────────────────────────────────────────────────────────────

    Retry #2 ───────────────────────────────────────────────────────────────────────────────────────

    Error: Timed out 5000ms waiting for expect(locator).toBeVisible()

    Locator: getByRole('link', { name: /home/i })
    Expected: visible
    Received: <element(s) not found>
    Call log:
      - Expect "toBeVisible" with timeout 5000ms
      - waiting for getByRole('link', { name: /home/i })


      58 |     // Check if there's a link back to home
      59 |     const homeLink = page.getByRole("link", { name: /home/i });
    > 60 |     await expect(homeLink).toBeVisible();
         |                            ^
      61 |   });
      62 |
      63 |   test("should have working language switcher if present", async ({ page }) => {
        at /home/flob/work/biome-high-cpu/biome-high-cpu-6541/tests/specific-validations.spec.ts:60:28

    Error Context: ../test-results/specific-validations-Biome-f4be8-d-handle-404-page-correctly-webkit-retry2/error-context.md
]]>
</failure>
<system-out>
<![CDATA[
[[ATTACHMENT|../test-results/specific-validations-Biome-f4be8-d-handle-404-page-correctly-webkit/error-context.md]]

[[ATTACHMENT|../test-results/specific-validations-Biome-f4be8-d-handle-404-page-correctly-webkit-retry1/error-context.md]]

[[ATTACHMENT|../test-results/specific-validations-Biome-f4be8-d-handle-404-page-correctly-webkit-retry1/trace.zip]]

[[ATTACHMENT|../test-results/specific-validations-Biome-f4be8-d-handle-404-page-correctly-webkit-retry2/error-context.md]]
]]>
</system-out>
</testcase>
<testcase name="Biome.js Specific Validations › should have working language switcher if present" classname="specific-validations.spec.ts" time="13.037">
</testcase>
<testcase name="Biome.js Specific Validations › should have valid RSS feed link" classname="specific-validations.spec.ts" time="2.09">
</testcase>
<testcase name="Biome.js Specific Validations › should load custom fonts" classname="specific-validations.spec.ts" time="31.064">
<failure message="specific-validations.spec.ts:82:3 should load custom fonts" type="FAILURE">
<![CDATA[  [webkit] › specific-validations.spec.ts:82:3 › Biome.js Specific Validations › should load custom fonts 

    Error: Timed out 5000ms waiting for expect(locator).toBeVisible()

    Locator: locator('link[rel="preload"][as="font"]')
    Expected: visible
    Received: <element(s) not found>
    Call log:
      - Expect "toBeVisible" with timeout 5000ms
      - waiting for locator('link[rel="preload"][as="font"]')


      84 |
      85 |     const fontLinks = page.locator('link[rel="preload"][as="font"]');
    > 86 |     await expect(fontLinks).toBeVisible();
         |                             ^
      87 |   });
      88 |
      89 |   test("should have valid manifest.json", async ({ request }) => {
        at /home/flob/work/biome-high-cpu/biome-high-cpu-6541/tests/specific-validations.spec.ts:86:29

    Error Context: ../test-results/specific-validations-Biome-b6367-ns-should-load-custom-fonts-webkit/error-context.md

    Retry #1 ───────────────────────────────────────────────────────────────────────────────────────

    Error: Timed out 5000ms waiting for expect(locator).toBeVisible()

    Locator: locator('link[rel="preload"][as="font"]')
    Expected: visible
    Received: <element(s) not found>
    Call log:
      - Expect "toBeVisible" with timeout 5000ms
      - waiting for locator('link[rel="preload"][as="font"]')


      84 |
      85 |     const fontLinks = page.locator('link[rel="preload"][as="font"]');
    > 86 |     await expect(fontLinks).toBeVisible();
         |                             ^
      87 |   });
      88 |
      89 |   test("should have valid manifest.json", async ({ request }) => {
        at /home/flob/work/biome-high-cpu/biome-high-cpu-6541/tests/specific-validations.spec.ts:86:29

    Error Context: ../test-results/specific-validations-Biome-b6367-ns-should-load-custom-fonts-webkit-retry1/error-context.md

    attachment #2: trace (application/zip) ─────────────────────────────────────────────────────────
    test-results/specific-validations-Biome-b6367-ns-should-load-custom-fonts-webkit-retry1/trace.zip
    Usage:

        npx playwright show-trace test-results/specific-validations-Biome-b6367-ns-should-load-custom-fonts-webkit-retry1/trace.zip

    ────────────────────────────────────────────────────────────────────────────────────────────────

    Retry #2 ───────────────────────────────────────────────────────────────────────────────────────

    Error: Timed out 5000ms waiting for expect(locator).toBeVisible()

    Locator: locator('link[rel="preload"][as="font"]')
    Expected: visible
    Received: <element(s) not found>
    Call log:
      - Expect "toBeVisible" with timeout 5000ms
      - waiting for locator('link[rel="preload"][as="font"]')


      84 |
      85 |     const fontLinks = page.locator('link[rel="preload"][as="font"]');
    > 86 |     await expect(fontLinks).toBeVisible();
         |                             ^
      87 |   });
      88 |
      89 |   test("should have valid manifest.json", async ({ request }) => {
        at /home/flob/work/biome-high-cpu/biome-high-cpu-6541/tests/specific-validations.spec.ts:86:29

    Error Context: ../test-results/specific-validations-Biome-b6367-ns-should-load-custom-fonts-webkit-retry2/error-context.md
]]>
</failure>
<system-out>
<![CDATA[
[[ATTACHMENT|../test-results/specific-validations-Biome-b6367-ns-should-load-custom-fonts-webkit/error-context.md]]

[[ATTACHMENT|../test-results/specific-validations-Biome-b6367-ns-should-load-custom-fonts-webkit-retry1/error-context.md]]

[[ATTACHMENT|../test-results/specific-validations-Biome-b6367-ns-should-load-custom-fonts-webkit-retry1/trace.zip]]

[[ATTACHMENT|../test-results/specific-validations-Biome-b6367-ns-should-load-custom-fonts-webkit-retry2/error-context.md]]
]]>
</system-out>
</testcase>
<testcase name="Biome.js Specific Validations › should have valid manifest.json" classname="specific-validations.spec.ts" time="11.031">
<failure message="specific-validations.spec.ts:89:3 should have valid manifest.json" type="FAILURE">
<![CDATA[  [webkit] › specific-validations.spec.ts:89:3 › Biome.js Specific Validations › should have valid manifest.json 

    Error: expect(received).toBeTruthy()

    Received: false

      89 |   test("should have valid manifest.json", async ({ request }) => {
      90 |     const response = await request.get("https://biomejs.dev/manifest.json");
    > 91 |     expect(response.ok()).toBeTruthy();
         |                           ^
      92 |
      93 |     const manifest = await response.json();
      94 |     expect(manifest).toHaveProperty("name");
        at /home/flob/work/biome-high-cpu/biome-high-cpu-6541/tests/specific-validations.spec.ts:91:27

    Retry #1 ───────────────────────────────────────────────────────────────────────────────────────

    Error: expect(received).toBeTruthy()

    Received: false

      89 |   test("should have valid manifest.json", async ({ request }) => {
      90 |     const response = await request.get("https://biomejs.dev/manifest.json");
    > 91 |     expect(response.ok()).toBeTruthy();
         |                           ^
      92 |
      93 |     const manifest = await response.json();
      94 |     expect(manifest).toHaveProperty("name");
        at /home/flob/work/biome-high-cpu/biome-high-cpu-6541/tests/specific-validations.spec.ts:91:27

    attachment #1: trace (application/zip) ─────────────────────────────────────────────────────────
    test-results/specific-validations-Biome-7b8bd-ld-have-valid-manifest-json-webkit-retry1/trace.zip
    Usage:

        npx playwright show-trace test-results/specific-validations-Biome-7b8bd-ld-have-valid-manifest-json-webkit-retry1/trace.zip

    ────────────────────────────────────────────────────────────────────────────────────────────────

    Retry #2 ───────────────────────────────────────────────────────────────────────────────────────

    Error: expect(received).toBeTruthy()

    Received: false

      89 |   test("should have valid manifest.json", async ({ request }) => {
      90 |     const response = await request.get("https://biomejs.dev/manifest.json");
    > 91 |     expect(response.ok()).toBeTruthy();
         |                           ^
      92 |
      93 |     const manifest = await response.json();
      94 |     expect(manifest).toHaveProperty("name");
        at /home/flob/work/biome-high-cpu/biome-high-cpu-6541/tests/specific-validations.spec.ts:91:27
]]>
</failure>
<system-out>
<![CDATA[
[[ATTACHMENT|../test-results/specific-validations-Biome-7b8bd-ld-have-valid-manifest-json-webkit-retry1/trace.zip]]
]]>
</system-out>
</testcase>
<testcase name="Biome.js Specific Validations › should have proper heading hierarchy" classname="specific-validations.spec.ts" time="10.777">
</testcase>
<testcase name="Biome.js Specific Validations › should have valid ARIA labels" classname="specific-validations.spec.ts" time="9.776">
</testcase>
<testcase name="Biome.js Specific Validations › should handle keyboard navigation" classname="specific-validations.spec.ts" time="9.695">
</testcase>
<testcase name="Biome.js Specific Validations › should have proper alt text for images" classname="specific-validations.spec.ts" time="14.783">
<failure message="specific-validations.spec.ts:143:3 should have proper alt text for images" type="FAILURE">
<![CDATA[  [webkit] › specific-validations.spec.ts:143:3 › Biome.js Specific Validations › should have proper alt text for images 

    Error: expect(received).toBeTruthy()

    Received: ""

      149 |     for (const img of imageElements) {
      150 |       const alt = await img.getAttribute("alt");
    > 151 |       expect(alt).toBeTruthy();
          |                   ^
      152 |       expect(alt?.length).toBeGreaterThan(0);
      153 |     }
      154 |   });
        at /home/flob/work/biome-high-cpu/biome-high-cpu-6541/tests/specific-validations.spec.ts:151:19

    Error Context: ../test-results/specific-validations-Biome-9dcb5--proper-alt-text-for-images-webkit/error-context.md

    Retry #1 ───────────────────────────────────────────────────────────────────────────────────────

    Error: expect(received).toBeTruthy()

    Received: ""

      149 |     for (const img of imageElements) {
      150 |       const alt = await img.getAttribute("alt");
    > 151 |       expect(alt).toBeTruthy();
          |                   ^
      152 |       expect(alt?.length).toBeGreaterThan(0);
      153 |     }
      154 |   });
        at /home/flob/work/biome-high-cpu/biome-high-cpu-6541/tests/specific-validations.spec.ts:151:19

    Error Context: ../test-results/specific-validations-Biome-9dcb5--proper-alt-text-for-images-webkit-retry1/error-context.md

    attachment #2: trace (application/zip) ─────────────────────────────────────────────────────────
    test-results/specific-validations-Biome-9dcb5--proper-alt-text-for-images-webkit-retry1/trace.zip
    Usage:

        npx playwright show-trace test-results/specific-validations-Biome-9dcb5--proper-alt-text-for-images-webkit-retry1/trace.zip

    ────────────────────────────────────────────────────────────────────────────────────────────────

    Retry #2 ───────────────────────────────────────────────────────────────────────────────────────

    Error: expect(received).toBeTruthy()

    Received: ""

      149 |     for (const img of imageElements) {
      150 |       const alt = await img.getAttribute("alt");
    > 151 |       expect(alt).toBeTruthy();
          |                   ^
      152 |       expect(alt?.length).toBeGreaterThan(0);
      153 |     }
      154 |   });
        at /home/flob/work/biome-high-cpu/biome-high-cpu-6541/tests/specific-validations.spec.ts:151:19

    Error Context: ../test-results/specific-validations-Biome-9dcb5--proper-alt-text-for-images-webkit-retry2/error-context.md
]]>
</failure>
<system-out>
<![CDATA[
[[ATTACHMENT|../test-results/specific-validations-Biome-9dcb5--proper-alt-text-for-images-webkit/error-context.md]]

[[ATTACHMENT|../test-results/specific-validations-Biome-9dcb5--proper-alt-text-for-images-webkit-retry1/error-context.md]]

[[ATTACHMENT|../test-results/specific-validations-Biome-9dcb5--proper-alt-text-for-images-webkit-retry1/trace.zip]]

[[ATTACHMENT|../test-results/specific-validations-Biome-9dcb5--proper-alt-text-for-images-webkit-retry2/error-context.md]]
]]>
</system-out>
</testcase>
<testcase name="Biome.js Specific Validations › should load required assets" classname="specific-validations.spec.ts" time="11.511">
<failure message="specific-validations.spec.ts:156:3 should load required assets" type="FAILURE">
<![CDATA[  [webkit] › specific-validations.spec.ts:156:3 › Biome.js Specific Validations › should load required assets 

    Error: expect.toBeVisible: Error: strict mode violation: locator('link[rel="stylesheet"]') resolved to 5 elements:
        1) <link media="print" rel="stylesheet" href="/_astro/print.BOqcyqY-.css"/> aka locator('link:nth-child(29)')
        2) <link rel="stylesheet" href="/_astro/Authors.C9Vc3qZ_.css"/> aka locator('link:nth-child(30)')
        3) <link rel="stylesheet" href="/_astro/ec.hsdfk.css"/> aka getByRole('main').locator('link').first()
        4) <link rel="stylesheet" href="/_astro/ec.hsdfk.css"/> aka getByRole('main').locator('link').nth(1)
        5) <link rel="stylesheet" href="/_astro/ec.hsdfk.css"/> aka getByRole('main').locator('link').nth(2)

    Call log:
      - Expect "toBeVisible" with timeout 5000ms
      - waiting for locator('link[rel="stylesheet"]')


      159 |     // Check CSS files
      160 |     const cssLinks = page.locator('link[rel="stylesheet"]');
    > 161 |     await expect(cssLinks).toBeVisible();
          |                            ^
      162 |
      163 |     // Check JavaScript files
      164 |     const scripts = page.locator("script[src]");
        at /home/flob/work/biome-high-cpu/biome-high-cpu-6541/tests/specific-validations.spec.ts:161:28

    Error Context: ../test-results/specific-validations-Biome-5a82d-should-load-required-assets-webkit/error-context.md

    Retry #1 ───────────────────────────────────────────────────────────────────────────────────────

    Error: expect.toBeVisible: Error: strict mode violation: locator('link[rel="stylesheet"]') resolved to 5 elements:
        1) <link media="print" rel="stylesheet" href="/_astro/print.BOqcyqY-.css"/> aka locator('link:nth-child(29)')
        2) <link rel="stylesheet" href="/_astro/Authors.C9Vc3qZ_.css"/> aka locator('link:nth-child(30)')
        3) <link rel="stylesheet" href="/_astro/ec.hsdfk.css"/> aka getByRole('main').locator('link').first()
        4) <link rel="stylesheet" href="/_astro/ec.hsdfk.css"/> aka getByRole('main').locator('link').nth(1)
        5) <link rel="stylesheet" href="/_astro/ec.hsdfk.css"/> aka getByRole('main').locator('link').nth(2)

    Call log:
      - Expect "toBeVisible" with timeout 5000ms
      - waiting for locator('link[rel="stylesheet"]')


      159 |     // Check CSS files
      160 |     const cssLinks = page.locator('link[rel="stylesheet"]');
    > 161 |     await expect(cssLinks).toBeVisible();
          |                            ^
      162 |
      163 |     // Check JavaScript files
      164 |     const scripts = page.locator("script[src]");
        at /home/flob/work/biome-high-cpu/biome-high-cpu-6541/tests/specific-validations.spec.ts:161:28

    Error Context: ../test-results/specific-validations-Biome-5a82d-should-load-required-assets-webkit-retry1/error-context.md

    attachment #2: trace (application/zip) ─────────────────────────────────────────────────────────
    test-results/specific-validations-Biome-5a82d-should-load-required-assets-webkit-retry1/trace.zip
    Usage:

        npx playwright show-trace test-results/specific-validations-Biome-5a82d-should-load-required-assets-webkit-retry1/trace.zip

    ────────────────────────────────────────────────────────────────────────────────────────────────

    Retry #2 ───────────────────────────────────────────────────────────────────────────────────────

    Error: expect.toBeVisible: Error: strict mode violation: locator('link[rel="stylesheet"]') resolved to 5 elements:
        1) <link media="print" rel="stylesheet" href="/_astro/print.BOqcyqY-.css"/> aka locator('link:nth-child(29)')
        2) <link rel="stylesheet" href="/_astro/Authors.C9Vc3qZ_.css"/> aka locator('link:nth-child(30)')
        3) <link rel="stylesheet" href="/_astro/ec.hsdfk.css"/> aka getByRole('main').locator('link').first()
        4) <link rel="stylesheet" href="/_astro/ec.hsdfk.css"/> aka getByRole('main').locator('link').nth(1)
        5) <link rel="stylesheet" href="/_astro/ec.hsdfk.css"/> aka getByRole('main').locator('link').nth(2)

    Call log:
      - Expect "toBeVisible" with timeout 5000ms
      - waiting for locator('link[rel="stylesheet"]')


      159 |     // Check CSS files
      160 |     const cssLinks = page.locator('link[rel="stylesheet"]');
    > 161 |     await expect(cssLinks).toBeVisible();
          |                            ^
      162 |
      163 |     // Check JavaScript files
      164 |     const scripts = page.locator("script[src]");
        at /home/flob/work/biome-high-cpu/biome-high-cpu-6541/tests/specific-validations.spec.ts:161:28

    Error Context: ../test-results/specific-validations-Biome-5a82d-should-load-required-assets-webkit-retry2/error-context.md
]]>
</failure>
<system-out>
<![CDATA[
[[ATTACHMENT|../test-results/specific-validations-Biome-5a82d-should-load-required-assets-webkit/error-context.md]]

[[ATTACHMENT|../test-results/specific-validations-Biome-5a82d-should-load-required-assets-webkit-retry1/error-context.md]]

[[ATTACHMENT|../test-results/specific-validations-Biome-5a82d-should-load-required-assets-webkit-retry1/trace.zip]]

[[ATTACHMENT|../test-results/specific-validations-Biome-5a82d-should-load-required-assets-webkit-retry2/error-context.md]]
]]>
</system-out>
</testcase>
<testcase name="Biome.js Specific Validations › should handle print styles" classname="specific-validations.spec.ts" time="3.628">
</testcase>
</testsuite>
</testsuites>